#-----------------------------------------------------------
# Vivado v2023.1 (64-bit)
# SW Build 3865809 on Sun May  7 15:04:56 MDT 2023
# IP Build 3864474 on Sun May  7 20:36:21 MDT 2023
# SharedData Build 3865790 on Sun May 07 13:33:03 MDT 2023
# Start of session at: Fri Apr  4 03:43:08 2025
# Process ID: 69381
# Current directory: /home/daniel/github/STRATHCube-Downlink-2425
# Command line: vivado
# Log file: /home/daniel/github/STRATHCube-Downlink-2425/vivado.log
# Journal file: /home/daniel/github/STRATHCube-Downlink-2425/vivado.jou
# Running On: Sure-Hope-It-Does, OS: Linux, CPU Frequency: 3064.829 MHz, CPU Physical cores: 16, Host memory: 32918 MB
#-----------------------------------------------------------
start_gui
open_hw_manager
WARNING: [Board 49-26] cannot add Board Part alpha-data.com:admpa100_2ms:part0:1.0 available at /home/daniel/.Xilinx/Vivado/2023.1/xhub/board_store/xilinx_board_store/boards/AlphaData/admpa100_2ms/1.0/board.xml as part xcvc1902-vsva2197-2mp-e-s specified in board_part file is either invalid or not available
WARNING: [Board 49-26] cannot add Board Part alpha-data.com:admpa100_2ms:part0:1.2 available at /home/daniel/.Xilinx/Vivado/2023.1/xhub/board_store/xilinx_board_store/boards/AlphaData/admpa100_2ms/1.2/board.xml as part xcvc1902-vsva2197-2mp-e-s specified in board_part file is either invalid or not available
WARNING: [Board 49-26] cannot add Board Part alpha-data.com:admpa101_2ms:part0:1.1 available at /home/daniel/.Xilinx/Vivado/2023.1/xhub/board_store/xilinx_board_store/boards/AlphaData/admpa101_2ms/1.1/board.xml as part xcvm1802-vsva2197-2mp-e-s specified in board_part file is either invalid or not available
WARNING: [Board 49-26] cannot add Board Part alpha-data.com:admpa101_2ms:part0:1.2 available at /home/daniel/.Xilinx/Vivado/2023.1/xhub/board_store/xilinx_board_store/boards/AlphaData/admpa101_2ms/1.2/board.xml as part xcvm1802-vsva2197-2mp-e-s specified in board_part file is either invalid or not available
WARNING: [Board 49-26] cannot add Board Part alpha-data.com:admva600_dev:part0:1.0 available at /home/daniel/.Xilinx/Vivado/2023.1/xhub/board_store/xilinx_board_store/boards/AlphaData/admva600_dev/1.0/board.xml as part xcvc1902-vsva2197-1mp-i-s specified in board_part file is either invalid or not available
WARNING: [Board 49-26] cannot add Board Part avnet.com:ultra96v1:part0:1.2 available at /home/daniel/.Xilinx/Vivado/2023.1/xhub/board_store/xilinx_board_store/boards/Avnet/ultra96v1/1.2/board.xml as part xczu3eg-sbva484-1-e specified in board_part file is either invalid or not available
WARNING: [Board 49-26] cannot add Board Part avnet.com:ultra96v2:part0:1.1 available at /home/daniel/.Xilinx/Vivado/2023.1/xhub/board_store/xilinx_board_store/boards/Avnet/ultra96v2/1.1/board.xml as part xczu3eg-sbva484-1-i specified in board_part file is either invalid or not available
WARNING: [Board 49-26] cannot add Board Part avnet.com:ultra96v2:part0:1.2 available at /home/daniel/.Xilinx/Vivado/2023.1/xhub/board_store/xilinx_board_store/boards/Avnet/ultra96v2/1.2/board.xml as part xczu3eg-sbva484-1-i specified in board_part file is either invalid or not available
WARNING: [Board 49-26] cannot add Board Part avnet.com:ultrazed_7ev_cc:part0:1.5 available at /home/daniel/.Xilinx/Vivado/2023.1/xhub/board_store/xilinx_board_store/XilinxBoardStore/Vivado/2023.1/boards/Avnet/ultrazed_7ev_cc/1.5/1.5/board.xml as part xczu7ev-fbvb900-1-i specified in board_part file is either invalid or not available
WARNING: [Board 49-26] cannot add Board Part avnet.com:ultrazed_eg_iocc_production:part0:1.2 available at /home/daniel/.Xilinx/Vivado/2023.1/xhub/board_store/xilinx_board_store/XilinxBoardStore/Vivado/2023.1/boards/Avnet/ultrazed_3eg_iocc/1.2/1.2/board.xml as part xczu3eg-sfva625-1-i specified in board_part file is either invalid or not available
WARNING: [Board 49-26] cannot add Board Part avnet.com:ultrazed_eg_pciecc_production:part0:1.3 available at /home/daniel/.Xilinx/Vivado/2023.1/xhub/board_store/xilinx_board_store/XilinxBoardStore/Vivado/2023.1/boards/Avnet/ultrazed_3eg_pciecc/1.3/1.3/board.xml as part xczu3eg-sfva625-1-i specified in board_part file is either invalid or not available
WARNING: [Board 49-26] cannot add Board Part avnet.com:zuboard_1cg:part0:1.0 available at /home/daniel/.Xilinx/Vivado/2023.1/xhub/board_store/xilinx_board_store/boards/Avnet/zub1cg/1.0/board.xml as part xczu1cg-sbva484-1-e specified in board_part file is either invalid or not available
WARNING: [Board 49-26] cannot add Board Part digilentinc.com:arty-a7-100:part0:1.0 available at /home/daniel/.Xilinx/Vivado/2023.1/xhub/board_store/xilinx_board_store/XilinxBoardStore/Vivado/2023.1/boards/Digilent/arty-a7-100/E.0/1.0/board.xml as part xc7a100tcsg324-1 specified in board_part file is either invalid or not available
WARNING: [Board 49-26] cannot add Board Part digilentinc.com:arty-a7-100:part0:1.1 available at /home/daniel/.Xilinx/Vivado/2023.1/xhub/board_store/xilinx_board_store/boards/Digilent/arty-a7-100/1.1/board.xml as part xc7a100tcsg324-1 specified in board_part file is either invalid or not available
WARNING: [Board 49-26] cannot add Board Part digilentinc.com:arty-a7-35:part0:1.0 available at /home/daniel/.Xilinx/Vivado/2023.1/xhub/board_store/xilinx_board_store/XilinxBoardStore/Vivado/2023.1/boards/Digilent/arty-a7-35/E.0/1.0/board.xml as part xc7a35ticsg324-1l specified in board_part file is either invalid or not available
WARNING: [Board 49-26] cannot add Board Part digilentinc.com:arty-a7-35:part0:1.1 available at /home/daniel/.Xilinx/Vivado/2023.1/xhub/board_store/xilinx_board_store/boards/Digilent/arty-a7-35/1.1/board.xml as part xc7a35ticsg324-1l specified in board_part file is either invalid or not available
WARNING: [Board 49-26] cannot add Board Part digilentinc.com:arty-s7-25:part0:1.0 available at /home/daniel/.Xilinx/Vivado/2023.1/xhub/board_store/xilinx_board_store/XilinxBoardStore/Vivado/2023.1/boards/Digilent/arty-s7-25/E.0/1.0/board.xml as part xc7s25csga324-1 specified in board_part file is either invalid or not available
WARNING: [Board 49-26] cannot add Board Part digilentinc.com:arty-s7-25:part0:1.1 available at /home/daniel/.Xilinx/Vivado/2023.1/xhub/board_store/xilinx_board_store/boards/Digilent/arty-s7-25/1.1/board.xml as part xc7s25csga324-1 specified in board_part file is either invalid or not available
WARNING: [Board 49-26] cannot add Board Part digilentinc.com:arty-s7-50:part0:1.0 available at /home/daniel/.Xilinx/Vivado/2023.1/xhub/board_store/xilinx_board_store/XilinxBoardStore/Vivado/2023.1/boards/Digilent/arty-s7-50/B.0/1.0/board.xml as part xc7s50csga324-1 specified in board_part file is either invalid or not available
WARNING: [Board 49-26] cannot add Board Part digilentinc.com:arty-s7-50:part0:1.1 available at /home/daniel/.Xilinx/Vivado/2023.1/xhub/board_store/xilinx_board_store/boards/Digilent/arty-s7-50/1.1/board.xml as part xc7s50csga324-1 specified in board_part file is either invalid or not available
WARNING: [Board 49-26] cannot add Board Part digilentinc.com:arty:part0:1.1 available at /home/daniel/.Xilinx/Vivado/2023.1/xhub/board_store/xilinx_board_store/XilinxBoardStore/Vivado/2023.1/boards/Digilent/arty/C.0/1.1/board.xml as part xc7a35ticsg324-1l specified in board_part file is either invalid or not available
WARNING: [Board 49-26] cannot add Board Part digilentinc.com:basys3:part0:1.1 available at /home/daniel/.Xilinx/Vivado/2023.1/xhub/board_store/xilinx_board_store/XilinxBoardStore/Vivado/2023.1/boards/Digilent/basys3/C.0/1.1/board.xml as part xc7a35tcpg236-1 specified in board_part file is either invalid or not available
WARNING: [Board 49-26] cannot add Board Part digilentinc.com:basys3:part0:1.2 available at /home/daniel/.Xilinx/Vivado/2023.1/xhub/board_store/xilinx_board_store/boards/Digilent/basys3/1.2/board.xml as part xc7a35tcpg236-1 specified in board_part file is either invalid or not available
WARNING: [Board 49-26] cannot add Board Part digilentinc.com:cmod-s7-25:part0:1.0 available at /home/daniel/.Xilinx/Vivado/2023.1/xhub/board_store/xilinx_board_store/boards/Digilent/cmod-s7-25/B.0/board.xml as part xc7s25csga225-1 specified in board_part file is either invalid or not available
WARNING: [Board 49-26] cannot add Board Part digilentinc.com:cmod_a7-15t:part0:1.1 available at /home/daniel/.Xilinx/Vivado/2023.1/xhub/board_store/xilinx_board_store/XilinxBoardStore/Vivado/2023.1/boards/Digilent/cmod_a7-15t/B.0/1.1/board.xml as part xc7a15tcpg236-1 specified in board_part file is either invalid or not available
WARNING: [Board 49-26] cannot add Board Part digilentinc.com:cmod_a7-15t:part0:1.2 available at /home/daniel/.Xilinx/Vivado/2023.1/xhub/board_store/xilinx_board_store/boards/Digilent/cmod_a7-15t/1.2/board.xml as part xc7a15tcpg236-1 specified in board_part file is either invalid or not available
WARNING: [Board 49-26] cannot add Board Part digilentinc.com:cmod_a7-35t:part0:1.1 available at /home/daniel/.Xilinx/Vivado/2023.1/xhub/board_store/xilinx_board_store/XilinxBoardStore/Vivado/2023.1/boards/Digilent/cmod_a7-35t/B.0/1.1/board.xml as part xc7a35tcpg236-1 specified in board_part file is either invalid or not available
WARNING: [Board 49-26] cannot add Board Part digilentinc.com:cmod_a7-35t:part0:1.2 available at /home/daniel/.Xilinx/Vivado/2023.1/xhub/board_store/xilinx_board_store/boards/Digilent/cmod_a7-35t/1.2/board.xml as part xc7a35tcpg236-1 specified in board_part file is either invalid or not available
WARNING: [Board 49-26] cannot add Board Part digilentinc.com:genesys2:part0:1.1 available at /home/daniel/.Xilinx/Vivado/2023.1/xhub/board_store/xilinx_board_store/XilinxBoardStore/Vivado/2023.1/boards/Digilent/genesys2/H/1.1/board.xml as part xc7k325tffg900-2 specified in board_part file is either invalid or not available
WARNING: [Board 49-26] cannot add Board Part digilentinc.com:gzu_3eg:part0:1.0 available at /home/daniel/.Xilinx/Vivado/2023.1/xhub/board_store/xilinx_board_store/boards/Digilent/genesys-zu-3eg/B.0/board.xml as part xczu3eg-sfvc784-1-e specified in board_part file is either invalid or not available
WARNING: [Board 49-26] cannot add Board Part digilentinc.com:gzu_3eg:part0:1.1 available at /home/daniel/.Xilinx/Vivado/2023.1/xhub/board_store/xilinx_board_store/boards/Digilent/genesys-zu-3eg/D.0/board.xml as part xczu3eg-sfvc784-1-e specified in board_part file is either invalid or not available
WARNING: [Board 49-26] cannot add Board Part digilentinc.com:gzu_5ev:part0:1.1 available at /home/daniel/.Xilinx/Vivado/2023.1/xhub/board_store/xilinx_board_store/boards/Digilent/genesys-zu-5ev/C.0/board.xml as part xczu5ev-sfvc784-1-e specified in board_part file is either invalid or not available
WARNING: [Board 49-26] cannot add Board Part digilentinc.com:nexys-a7-100t:part0:1.2 available at /home/daniel/.Xilinx/Vivado/2023.1/xhub/board_store/xilinx_board_store/boards/Digilent/nexys-a7-100t/D.0/board.xml as part xc7a100tcsg324-1 specified in board_part file is either invalid or not available
WARNING: [Board 49-26] cannot add Board Part digilentinc.com:nexys-a7-50t:part0:1.2 available at /home/daniel/.Xilinx/Vivado/2023.1/xhub/board_store/xilinx_board_store/boards/Digilent/nexys-a7-50t/D.0/board.xml as part xc7a50ticsg324-1l specified in board_part file is either invalid or not available
WARNING: [Board 49-26] cannot add Board Part digilentinc.com:nexys4:part0:1.1 available at /home/daniel/.Xilinx/Vivado/2023.1/xhub/board_store/xilinx_board_store/XilinxBoardStore/Vivado/2023.1/boards/Digilent/nexys4/B.1/1.1/board.xml as part xc7a100tcsg324-1 specified in board_part file is either invalid or not available
WARNING: [Board 49-26] cannot add Board Part digilentinc.com:nexys4_ddr:part0:1.1 available at /home/daniel/.Xilinx/Vivado/2023.1/xhub/board_store/xilinx_board_store/XilinxBoardStore/Vivado/2023.1/boards/Digilent/nexys4_ddr/C.1/1.1/board.xml as part xc7a100tcsg324-1 specified in board_part file is either invalid or not available
WARNING: [Board 49-26] cannot add Board Part digilentinc.com:nexys_video:part0:1.1 available at /home/daniel/.Xilinx/Vivado/2023.1/xhub/board_store/xilinx_board_store/XilinxBoardStore/Vivado/2023.1/boards/Digilent/nexys_video/A.0/1.1/board.xml as part xc7a200tsbg484-1 specified in board_part file is either invalid or not available
WARNING: [Board 49-26] cannot add Board Part digilentinc.com:nexys_video:part0:1.2 available at /home/daniel/.Xilinx/Vivado/2023.1/xhub/board_store/xilinx_board_store/boards/Digilent/nexys_video/1.2/board.xml as part xc7a200tsbg484-1 specified in board_part file is either invalid or not available
WARNING: [Board 49-26] cannot add Board Part digilentinc.com:usb104-a7:part0:1.3 available at /home/daniel/.Xilinx/Vivado/2023.1/xhub/board_store/xilinx_board_store/boards/Digilent/usb104-a7/B/board.xml as part xc7a100tcsg324-1 specified in board_part file is either invalid or not available
WARNING: [Board 49-26] cannot add Board Part iwavesystems.com:iw-g30m-c4ev-4e002g-e008g-lia:part0:1.0 available at /home/daniel/.Xilinx/Vivado/2023.1/xhub/board_store/xilinx_board_store/boards/iWave/iw-g30m-c4ev-4e002g-e008g-lia/1.0/board.xml as part xczu4ev-fbvb900-1-i specified in board_part file is either invalid or not available
WARNING: [Board 49-26] cannot add Board Part iwavesystems.com:iw-g30m-c7ev-4e004g-e008g-lea:part0:1.0 available at /home/daniel/.Xilinx/Vivado/2023.1/xhub/board_store/xilinx_board_store/boards/iWave/iw-g30m-c7ev-4e004g-e008g-lea/1.0/board.xml as part xczu7ev-fbvb900-1-e specified in board_part file is either invalid or not available
WARNING: [Board 49-26] cannot add Board Part iwavesystems.com:iw-g35m-11eg-4e004g-e008g-lia:part0:1.0 available at /home/daniel/.Xilinx/Vivado/2023.1/xhub/board_store/xilinx_board_store/boards/iWave/iw-g35m-11eg-4e004g-e008g-lia/1.0/board.xml as part xczu11eg-ffvc1760-1-i specified in board_part file is either invalid or not available
WARNING: [Board 49-26] cannot add Board Part iwavesystems.com:iw-g35m-17eg-4e004g-e008g-lia:part0:1.0 available at /home/daniel/.Xilinx/Vivado/2023.1/xhub/board_store/xilinx_board_store/boards/iWave/iw-g35m-17eg-4e004g-e008g-lia/1.0/board.xml as part xczu17eg-ffvc1760-1-i specified in board_part file is either invalid or not available
WARNING: [Board 49-26] cannot add Board Part iwavesystems.com:iw-g35m-19eg-4e004g-e008g-lia:part0:1.0 available at /home/daniel/.Xilinx/Vivado/2023.1/xhub/board_store/xilinx_board_store/boards/iWave/iw-g35m-19eg-4e004g-e008g-lia/1.0/board.xml as part xczu19eg-ffvc1760-1-i specified in board_part file is either invalid or not available
WARNING: [Board 49-26] cannot add Board Part iwavesystems.com:iw-g36s-2cg1-4e002g-e008g-bee:part0:1.0 available at /home/daniel/.Xilinx/Vivado/2023.1/xhub/board_store/xilinx_board_store/boards/iWave/iw-g36s-2cg1-4e002g-e008g-bee/1.0/board.xml as part xczu2cg-sfvc784-1-e specified in board_part file is either invalid or not available
WARNING: [Board 49-26] cannot add Board Part iwavesystems.com:iw-g36s-3eg1-4e002g-e008g-bee:part0:1.0 available at /home/daniel/.Xilinx/Vivado/2023.1/xhub/board_store/xilinx_board_store/boards/iWave/iw-g36s-3eg1-4e002g-e008g-bee/1.0/board.xml as part xczu3eg-sfvc784-1-e specified in board_part file is either invalid or not available
WARNING: [Board 49-26] cannot add Board Part iwavesystems.com:iw-g36s-4ev1-4e002g-e008g-bee:part0:1.0 available at /home/daniel/.Xilinx/Vivado/2023.1/xhub/board_store/xilinx_board_store/boards/iWave/iw-g36s-4ev1-4e002g-e008g-bee/1.0/board.xml as part xczu4ev-sfvc784-1-e specified in board_part file is either invalid or not available
WARNING: [Board 49-26] cannot add Board Part iwavesystems.com:iw-g36s-5ev1-4e002g-e008g-bed:part0:1.0 available at /home/daniel/.Xilinx/Vivado/2023.1/xhub/board_store/xilinx_board_store/boards/iWave/iw-g36s-5ev1-4e002g-e008g-bed/1.0/board.xml as part xczu5ev-sfvc784-1-e specified in board_part file is either invalid or not available
WARNING: [Board 49-26] cannot add Board Part iwavesystems.com:iw-g36s-5ev1-4e002g-e008g-bee:part0:1.0 available at /home/daniel/.Xilinx/Vivado/2023.1/xhub/board_store/xilinx_board_store/boards/iWave/iw-g36s-5ev1-4e002g-e008g-bee/1.0/board.xml as part xczu5ev-sfvc784-1-e specified in board_part file is either invalid or not available
WARNING: [Board 49-26] cannot add Board Part opalkelly.com:brk1900-7cg:part0:1.0 available at /home/daniel/.Xilinx/Vivado/2023.1/xhub/board_store/xilinx_board_store/boards/OpalKelly/BRK1900-7CG/1.0/board.xml as part xczu7cg-ffvc1156-1-e specified in board_part file is either invalid or not available
WARNING: [Board 49-26] cannot add Board Part opalkelly.com:brk1900-7cg:part0:2.0 available at /home/daniel/.Xilinx/Vivado/2023.1/xhub/board_store/xilinx_board_store/boards/OpalKelly/BRK1900-7CG/2.0/board.xml as part xczu7cg-ffvc1156-1-e specified in board_part file is either invalid or not available
WARNING: [Board 49-26] cannot add Board Part opalkelly.com:brk1900-7eg:part0:1.0 available at /home/daniel/.Xilinx/Vivado/2023.1/xhub/board_store/xilinx_board_store/boards/OpalKelly/BRK1900-7EG/1.0/board.xml as part xczu7eg-ffvc1156-1-e specified in board_part file is either invalid or not available
WARNING: [Board 49-26] cannot add Board Part opalkelly.com:brk1900-7eg:part0:2.0 available at /home/daniel/.Xilinx/Vivado/2023.1/xhub/board_store/xilinx_board_store/boards/OpalKelly/BRK1900-7EG/2.0/board.xml as part xczu7eg-ffvc1156-1-e specified in board_part file is either invalid or not available
WARNING: [Board 49-26] cannot add Board Part opalkelly.com:brk1900-7ev:part0:1.0 available at /home/daniel/.Xilinx/Vivado/2023.1/xhub/board_store/xilinx_board_store/boards/OpalKelly/BRK1900-7EV/1.0/board.xml as part xczu7ev-ffvc1156-1-e specified in board_part file is either invalid or not available
WARNING: [Board 49-26] cannot add Board Part opalkelly.com:brk1900-7ev:part0:2.0 available at /home/daniel/.Xilinx/Vivado/2023.1/xhub/board_store/xilinx_board_store/boards/OpalKelly/BRK1900-7EV/2.0/board.xml as part xczu7ev-ffvc1156-1-e specified in board_part file is either invalid or not available
WARNING: [Board 49-26] cannot add Board Part opalkelly.com:xem7305-s50:part0:1.0 available at /home/daniel/.Xilinx/Vivado/2023.1/xhub/board_store/xilinx_board_store/boards/OpalKelly/XEM7305-S50/1.0/board.xml as part xc7s50csga324-1 specified in board_part file is either invalid or not available
WARNING: [Board 49-26] cannot add Board Part opalkelly.com:xem7310-a200:part0:1.0 available at /home/daniel/.Xilinx/Vivado/2023.1/xhub/board_store/xilinx_board_store/boards/OpalKelly/XEM7310-A200/1.0/board.xml as part xc7a200tfbg484-1 specified in board_part file is either invalid or not available
WARNING: [Board 49-26] cannot add Board Part opalkelly.com:xem7310-a75:part0:1.0 available at /home/daniel/.Xilinx/Vivado/2023.1/xhub/board_store/xilinx_board_store/boards/OpalKelly/XEM7310-A75/1.0/board.xml as part xc7a75tfgg484-1 specified in board_part file is either invalid or not available
WARNING: [Board 49-26] cannot add Board Part opalkelly.com:xem7310mt-a200:part0:1.0 available at /home/daniel/.Xilinx/Vivado/2023.1/xhub/board_store/xilinx_board_store/boards/OpalKelly/XEM7310MT-A200/1.0/board.xml as part xc7a200tfbg484-1 specified in board_part file is either invalid or not available
WARNING: [Board 49-26] cannot add Board Part opalkelly.com:xem7310mt-a75:part0:1.0 available at /home/daniel/.Xilinx/Vivado/2023.1/xhub/board_store/xilinx_board_store/boards/OpalKelly/XEM7310MT-A75/1.0/board.xml as part xc7a75tfgg484-1 specified in board_part file is either invalid or not available
WARNING: [Board 49-26] cannot add Board Part opalkelly.com:xem7320-a200:part0:1.0 available at /home/daniel/.Xilinx/Vivado/2023.1/xhub/board_store/xilinx_board_store/boards/OpalKelly/XEM7320-A200/1.0/board.xml as part xc7a200tfbg484-1 specified in board_part file is either invalid or not available
WARNING: [Board 49-26] cannot add Board Part opalkelly.com:xem7320-a75:part0:1.0 available at /home/daniel/.Xilinx/Vivado/2023.1/xhub/board_store/xilinx_board_store/boards/OpalKelly/XEM7320-A75/1.0/board.xml as part xc7a75tfgg484-1 specified in board_part file is either invalid or not available
WARNING: [Board 49-26] cannot add Board Part opalkelly.com:xem7350-k160t:part0:1.0 available at /home/daniel/.Xilinx/Vivado/2023.1/xhub/board_store/xilinx_board_store/boards/OpalKelly/XEM7350-K160T/1.0/board.xml as part xc7k160tffg676-1 specified in board_part file is either invalid or not available
WARNING: [Board 49-26] cannot add Board Part opalkelly.com:xem7350-k410t-3e:part0:1.0 available at /home/daniel/.Xilinx/Vivado/2023.1/xhub/board_store/xilinx_board_store/boards/OpalKelly/XEM7350-K410T-3E/1.0/board.xml as part xc7k410tffg676-3 specified in board_part file is either invalid or not available
WARNING: [Board 49-26] cannot add Board Part opalkelly.com:xem7350-k410t:part0:1.0 available at /home/daniel/.Xilinx/Vivado/2023.1/xhub/board_store/xilinx_board_store/boards/OpalKelly/XEM7350-K410T/1.0/board.xml as part xc7k410tffg676-1 specified in board_part file is either invalid or not available
WARNING: [Board 49-26] cannot add Board Part opalkelly.com:xem7350-k70t:part0:1.0 available at /home/daniel/.Xilinx/Vivado/2023.1/xhub/board_store/xilinx_board_store/boards/OpalKelly/XEM7350-K70T/1.0/board.xml as part xc7k70tfbg676-1 specified in board_part file is either invalid or not available
WARNING: [Board 49-26] cannot add Board Part opalkelly.com:xem7360-k160t-3e:part0:1.0 available at /home/daniel/.Xilinx/Vivado/2023.1/xhub/board_store/xilinx_board_store/boards/OpalKelly/XEM7360-K160T-3E/1.0/board.xml as part xc7k160tffg676-3 specified in board_part file is either invalid or not available
WARNING: [Board 49-26] cannot add Board Part opalkelly.com:xem7360-k160t:part0:1.0 available at /home/daniel/.Xilinx/Vivado/2023.1/xhub/board_store/xilinx_board_store/boards/OpalKelly/XEM7360-K160T/1.0/board.xml as part xc7k160tffg676-1 specified in board_part file is either invalid or not available
WARNING: [Board 49-26] cannot add Board Part opalkelly.com:xem7360-k410t-3e:part0:1.0 available at /home/daniel/.Xilinx/Vivado/2023.1/xhub/board_store/xilinx_board_store/boards/OpalKelly/XEM7360-K410T-3E/1.0/board.xml as part xc7k410tffg676-3 specified in board_part file is either invalid or not available
WARNING: [Board 49-26] cannot add Board Part opalkelly.com:xem7360-k410t:part0:1.0 available at /home/daniel/.Xilinx/Vivado/2023.1/xhub/board_store/xilinx_board_store/boards/OpalKelly/XEM7360-K410T/1.0/board.xml as part xc7k410tffg676-1 specified in board_part file is either invalid or not available
WARNING: [Board 49-26] cannot add Board Part opalkelly.com:xem8305-au15p-1e:part0:1.0 available at /home/daniel/.Xilinx/Vivado/2023.1/xhub/board_store/xilinx_board_store/boards/OpalKelly/XEM8305-AU15P-1E/1.0/board.xml as part xcau15p-ffvb676-1-e specified in board_part file is either invalid or not available
WARNING: [Board 49-26] cannot add Board Part opalkelly.com:xem8305-au15p-2e:part0:1.0 available at /home/daniel/.Xilinx/Vivado/2023.1/xhub/board_store/xilinx_board_store/boards/OpalKelly/XEM8305-AU15P-2E/1.0/board.xml as part xcau15p-ffvb676-2-e specified in board_part file is either invalid or not available
WARNING: [Board 49-26] cannot add Board Part opalkelly.com:xem8310-au25p:part0:1.0 available at /home/daniel/.Xilinx/Vivado/2023.1/xhub/board_store/xilinx_board_store/boards/OpalKelly/XEM8310-AU25P/1.0/board.xml as part xcau25p-ffvb676-2-e specified in board_part file is either invalid or not available
WARNING: [Board 49-26] cannot add Board Part opalkelly.com:xem8320-au25p:part0:1.2 available at /home/daniel/.Xilinx/Vivado/2023.1/xhub/board_store/xilinx_board_store/boards/OpalKelly/XEM8320-AU25P/1.2/board.xml as part xcau25p-ffvb676-2-e specified in board_part file is either invalid or not available
WARNING: [Board 49-26] cannot add Board Part opalkelly.com:xem8350-ku060-3e:part0:1.0 available at /home/daniel/.Xilinx/Vivado/2023.1/xhub/board_store/xilinx_board_store/boards/OpalKelly/XEM8350-KU060-3E/1.0/board.xml as part xcku060-ffva1517-3-e specified in board_part file is either invalid or not available
WARNING: [Board 49-26] cannot add Board Part opalkelly.com:xem8350-ku060:part0:1.0 available at /home/daniel/.Xilinx/Vivado/2023.1/xhub/board_store/xilinx_board_store/boards/OpalKelly/XEM8350-KU060/1.0/board.xml as part xcku060-ffva1517-1-c specified in board_part file is either invalid or not available
WARNING: [Board 49-26] cannot add Board Part opalkelly.com:xem8350-ku115:part0:1.0 available at /home/daniel/.Xilinx/Vivado/2023.1/xhub/board_store/xilinx_board_store/boards/OpalKelly/XEM8350-KU115/1.0/board.xml as part xcku115-flva1517-1-c specified in board_part file is either invalid or not available
WARNING: [Board 49-26] cannot add Board Part opalkelly.com:xem8370-ku11p:part0:1.0 available at /home/daniel/.Xilinx/Vivado/2023.1/xhub/board_store/xilinx_board_store/boards/OpalKelly/XEM8370-KU11P/1.0/board.xml as part xcku11p-ffva1156-1-e specified in board_part file is either invalid or not available
WARNING: [Board 49-26] cannot add Board Part trenz.biz:am0010_3eg_1i:part0:1.0 available at /home/daniel/.Xilinx/Vivado/2023.1/xhub/board_store/xilinx_board_store/boards/Trenz_Electronic/AM0010_3EG_1I/1.0/board.xml as part xczu3eg-sfvc784-1-i specified in board_part file is either invalid or not available
WARNING: [Board 49-26] cannot add Board Part trenz.biz:am0010_4ev_1e:part0:1.0 available at /home/daniel/.Xilinx/Vivado/2023.1/xhub/board_store/xilinx_board_store/boards/Trenz_Electronic/AM0010_4EV_1E/1.0/board.xml as part xczu4ev-sfvc784-1-e specified in board_part file is either invalid or not available
WARNING: [Board 49-26] cannot add Board Part trenz.biz:te0710_02_100_2c:part0:1.0 available at /home/daniel/.Xilinx/Vivado/2023.1/xhub/board_store/xilinx_board_store/XilinxBoardStore/Vivado/2023.1/boards/Trenz_Electronic/TE0710_100_2C/1.0/1.0/board.xml as part xc7a100tcsg324-2 specified in board_part file is either invalid or not available
WARNING: [Board 49-26] cannot add Board Part trenz.biz:te0710_02_100_2i:part0:1.0 available at /home/daniel/.Xilinx/Vivado/2023.1/xhub/board_store/xilinx_board_store/XilinxBoardStore/Vivado/2023.1/boards/Trenz_Electronic/TE0710_100_2I/1.0/1.0/board.xml as part xc7a100tcsg324-2 specified in board_part file is either invalid or not available
WARNING: [Board 49-26] cannot add Board Part trenz.biz:te0710_02_35_2c:part0:1.0 available at /home/daniel/.Xilinx/Vivado/2023.1/xhub/board_store/xilinx_board_store/XilinxBoardStore/Vivado/2023.1/boards/Trenz_Electronic/TE0710_35_2C/1.0/1.0/board.xml as part xc7a35tcsg324-2 specified in board_part file is either invalid or not available
WARNING: [Board 49-26] cannot add Board Part trenz.biz:te0710_02_35_2i:part0:1.0 available at /home/daniel/.Xilinx/Vivado/2023.1/xhub/board_store/xilinx_board_store/XilinxBoardStore/Vivado/2023.1/boards/Trenz_Electronic/TE0710_35_2I/1.0/1.0/board.xml as part xc7a35tcsg324-2 specified in board_part file is either invalid or not available
WARNING: [Board 49-26] cannot add Board Part trenz.biz:te0711_100_2c:part0:1.0 available at /home/daniel/.Xilinx/Vivado/2023.1/xhub/board_store/xilinx_board_store/XilinxBoardStore/Vivado/2023.1/boards/Trenz_Electronic/TE0711_100_2C/1.0/1.0/board.xml as part xc7a100tcsg324-2 specified in board_part file is either invalid or not available
WARNING: [Board 49-26] cannot add Board Part trenz.biz:te0711_100_2i:part0:1.0 available at /home/daniel/.Xilinx/Vivado/2023.1/xhub/board_store/xilinx_board_store/XilinxBoardStore/Vivado/2023.1/boards/Trenz_Electronic/TE0711_100_2I/1.0/1.0/board.xml as part xc7a100tcsg324-2 specified in board_part file is either invalid or not available
WARNING: [Board 49-26] cannot add Board Part trenz.biz:te0711_35_2c:part0:1.0 available at /home/daniel/.Xilinx/Vivado/2023.1/xhub/board_store/xilinx_board_store/XilinxBoardStore/Vivado/2023.1/boards/Trenz_Electronic/TE0711_35_2C/1.0/1.0/board.xml as part xc7a35tcsg324-2 specified in board_part file is either invalid or not available
WARNING: [Board 49-26] cannot add Board Part trenz.biz:te0711_35_2i:part0:1.0 available at /home/daniel/.Xilinx/Vivado/2023.1/xhub/board_store/xilinx_board_store/XilinxBoardStore/Vivado/2023.1/boards/Trenz_Electronic/TE0711_35_2I/1.0/1.0/board.xml as part xc7a35tcsg324-2 specified in board_part file is either invalid or not available
WARNING: [Board 49-26] cannot add Board Part trenz.biz:te0712_100_1i:part0:1.0 available at /home/daniel/.Xilinx/Vivado/2023.1/xhub/board_store/xilinx_board_store/XilinxBoardStore/Vivado/2023.1/boards/Trenz_Electronic/TE0712_100_1I/1.0/1.0/board.xml as part xc7a100tfgg484-1 specified in board_part file is either invalid or not available
WARNING: [Board 49-26] cannot add Board Part trenz.biz:te0712_100_2c:part0:1.0 available at /home/daniel/.Xilinx/Vivado/2023.1/xhub/board_store/xilinx_board_store/XilinxBoardStore/Vivado/2023.1/boards/Trenz_Electronic/TE0712_100_2C/1.0/1.0/board.xml as part xc7a100tfgg484-2 specified in board_part file is either invalid or not available
WARNING: [Board 49-26] cannot add Board Part trenz.biz:te0712_100_2c:part0:2.0 available at /home/daniel/.Xilinx/Vivado/2023.1/xhub/board_store/xilinx_board_store/XilinxBoardStore/Vivado/2023.1/boards/Trenz_Electronic/TE0712_100_2C/2.0/2.0/board.xml as part xc7a100tfgg484-2 specified in board_part file is either invalid or not available
WARNING: [Board 49-26] cannot add Board Part trenz.biz:te0712_200_1i:part0:1.0 available at /home/daniel/.Xilinx/Vivado/2023.1/xhub/board_store/xilinx_board_store/XilinxBoardStore/Vivado/2023.1/boards/Trenz_Electronic/TE0712_200_1I/1.0/1.0/board.xml as part xc7a200tfbg484-1 specified in board_part file is either invalid or not available
WARNING: [Board 49-26] cannot add Board Part trenz.biz:te0712_200_2c:part0:1.0 available at /home/daniel/.Xilinx/Vivado/2023.1/xhub/board_store/xilinx_board_store/XilinxBoardStore/Vivado/2023.1/boards/Trenz_Electronic/TE0712_200_2C/1.0/1.0/board.xml as part xc7a200tfbg484-2 specified in board_part file is either invalid or not available
WARNING: [Board 49-26] cannot add Board Part trenz.biz:te0712_200_2i:part0:1.0 available at /home/daniel/.Xilinx/Vivado/2023.1/xhub/board_store/xilinx_board_store/XilinxBoardStore/Vivado/2023.1/boards/Trenz_Electronic/TE0712_200_2I/1.0/1.0/board.xml as part xc7a200tfbg484-2 specified in board_part file is either invalid or not available
WARNING: [Board 49-26] cannot add Board Part trenz.biz:te0712_35_2i:part0:1.0 available at /home/daniel/.Xilinx/Vivado/2023.1/xhub/board_store/xilinx_board_store/XilinxBoardStore/Vivado/2023.1/boards/Trenz_Electronic/TE0712_35_2I/1.0/1.0/board.xml as part xc7a35tfgg484-2 specified in board_part file is either invalid or not available
WARNING: [Board 49-26] cannot add Board Part trenz.biz:te0713_100_2c:part0:1.0 available at /home/daniel/.Xilinx/Vivado/2023.1/xhub/board_store/xilinx_board_store/XilinxBoardStore/Vivado/2023.1/boards/Trenz_Electronic/TE0713_100_2C/1.0/1.0/board.xml as part xc7a100tfgg484-2 specified in board_part file is either invalid or not available
WARNING: [Board 49-26] cannot add Board Part trenz.biz:te0713_200_2c:part0:1.0 available at /home/daniel/.Xilinx/Vivado/2023.1/xhub/board_store/xilinx_board_store/XilinxBoardStore/Vivado/2023.1/boards/Trenz_Electronic/TE0713_200_2C/1.0/1.0/board.xml as part xc7a200tfbg484-2 specified in board_part file is either invalid or not available
WARNING: [Board 49-26] cannot add Board Part trenz.biz:te0725_100_2c:part0:1.0 available at /home/daniel/.Xilinx/Vivado/2023.1/xhub/board_store/xilinx_board_store/XilinxBoardStore/Vivado/2023.1/boards/Trenz_Electronic/TE0725_100_2C/1.0/1.0/board.xml as part xc7a100tcsg324-2 specified in board_part file is either invalid or not available
WARNING: [Board 49-26] cannot add Board Part trenz.biz:te0725_100_2i:part0:1.0 available at /home/daniel/.Xilinx/Vivado/2023.1/xhub/board_store/xilinx_board_store/XilinxBoardStore/Vivado/2023.1/boards/Trenz_Electronic/TE0725_100_2I/1.0/1.0/board.xml as part xc7a100tcsg324-2 specified in board_part file is either invalid or not available
WARNING: [Board 49-26] cannot add Board Part trenz.biz:te0725_15_1c:part0:1.0 available at /home/daniel/.Xilinx/Vivado/2023.1/xhub/board_store/xilinx_board_store/XilinxBoardStore/Vivado/2023.1/boards/Trenz_Electronic/TE0725_15_1C/1.0/1.0/board.xml as part xc7a15tcsg324-1 specified in board_part file is either invalid or not available
INFO: [Common 17-14] Message 'Board 49-26' appears 100 times and further instances of the messages will be disabled. Use the Tcl command set_msg_config to change the current settings.
INFO: [IP_Flow 19-234] Refreshing IP repositories
INFO: [IP_Flow 19-1704] No user IP repositories specified
INFO: [IP_Flow 19-2313] Loaded Vivado IP repository '/tools/Xilinx/Vivado/2023.1/data/ip'.
open_hw_manager: Time (s): cpu = 00:00:39 ; elapsed = 00:00:23 . Memory (MB): peak = 8994.176 ; gain = 1307.723 ; free physical = 8210 ; free virtual = 13728
