#-----------------------------------------------------------
# Vivado v2023.1 (64-bit)
# SW Build 3865809 on Sun May  7 15:04:56 MDT 2023
# IP Build 3864474 on Sun May  7 20:36:21 MDT 2023
# SharedData Build 3865790 on Sun May 07 13:33:03 MDT 2023
# Start of session at: Tue Jan 14 13:39:27 2025
# Process ID: 45675
# Current directory: /home/daniel/Documents/MATLAB/Examples/R2024b/xilinxzynqbasedradio/HWSWCoDesignWithAXI4StreamUsingAnalogDevicesAD9361AD9364Example/hdl_prj/vivado_ip_prj
# Command line: vivado -mode batch -notrace -source vivado_insert_ip.tcl
# Log file: /home/daniel/Documents/MATLAB/Examples/R2024b/xilinxzynqbasedradio/HWSWCoDesignWithAXI4StreamUsingAnalogDevicesAD9361AD9364Example/hdl_prj/vivado_ip_prj/vivado.log
# Journal file: /home/daniel/Documents/MATLAB/Examples/R2024b/xilinxzynqbasedradio/HWSWCoDesignWithAXI4StreamUsingAnalogDevicesAD9361AD9364Example/hdl_prj/vivado_ip_prj/vivado.jou
# Running On: Sure-Hope-It-Does, OS: Linux, CPU Frequency: 3105.392 MHz, CPU Physical cores: 16, Host memory: 32919 MB
#-----------------------------------------------------------
source vivado_insert_ip.tcl -notrace
Scanning sources...
Finished scanning sources
INFO: [IP_Flow 19-234] Refreshing IP repositories
INFO: [IP_Flow 19-1700] Loaded user IP repository '/home/daniel/Documents/MATLAB/Examples/R2024b/xilinxzynqbasedradio/HWSWCoDesignWithAXI4StreamUsingAnalogDevicesAD9361AD9364Example/hdl_prj/vivado_ip_prj/ipcore'.
WARNING: [IP_Flow 19-3685] Ignored loading user repository '/home/daniel/Documents/MATLAB/Examples/R2024b/xilinxzynqbasedradio/HWSWCoDesignWithAXI4StreamUsingAnalogDevicesAD9361AD9364Example/hdl_prj/vivado_ip_prj/ipcore/adi/library'. The path is contained within another repository.
INFO: [IP_Flow 19-2313] Loaded Vivado IP repository '/tools/Xilinx/Vivado/2023.1/data/ip'.
open_project: Time (s): cpu = 00:00:12 ; elapsed = 00:00:12 . Memory (MB): peak = 1648.754 ; gain = 365.723 ; free physical = 4797 ; free virtual = 25201
INFO: [IP_Flow 19-949] Unzipped './ipcore/HDL_Chirp_ip_v1_0.zip' into repository '/home/daniel/Documents/MATLAB/Examples/R2024b/xilinxzynqbasedradio/HWSWCoDesignWithAXI4StreamUsingAnalogDevicesAD9361AD9364Example/hdl_prj/vivado_ip_prj/ipcore'.
INFO: [IP_Flow 19-725] Reloaded user IP repository '/home/daniel/Documents/MATLAB/Examples/R2024b/xilinxzynqbasedradio/HWSWCoDesignWithAXI4StreamUsingAnalogDevicesAD9361AD9364Example/hdl_prj/vivado_ip_prj/ipcore'
INFO: [IP_Flow 19-1839] IP Catalog is up to date.
Reading block design file </home/daniel/Documents/MATLAB/Examples/R2024b/xilinxzynqbasedradio/HWSWCoDesignWithAXI4StreamUsingAnalogDevicesAD9361AD9364Example/hdl_prj/vivado_ip_prj/vivado_prj.srcs/sources_1/bd/system/system.bd>...
Adding component instance block -- xilinx.com:ip:processing_system7:5.5 - sys_ps7
Adding component instance block -- xilinx.com:ip:axi_iic:2.1 - axi_iic_main
Adding component instance block -- xilinx.com:ip:xlconcat:2.1 - sys_concat_intc
Adding component instance block -- xilinx.com:ip:proc_sys_reset:5.0 - sys_rstgen
Adding component instance block -- xilinx.com:ip:util_vector_logic:2.0 - sys_logic_inv
Adding component instance block -- xilinx.com:ip:xlconstant:1.1 - GND_1
Adding component instance block -- xilinx.com:ip:axi_interconnect:2.1 - axi_cpu_interconnect
Adding component instance block -- xilinx.com:ip:axi_crossbar:2.1 - xbar
Adding component instance block -- xilinx.com:ip:axi_protocol_converter:2.1 - auto_pc
Adding component instance block -- xilinx.com:ip:axi_protocol_converter:2.1 - auto_pc
Adding component instance block -- xilinx.com:ip:axi_protocol_converter:2.1 - auto_pc
Adding component instance block -- xilinx.com:ip:axi_protocol_converter:2.1 - auto_pc
Adding component instance block -- xilinx.com:ip:axi_protocol_converter:2.1 - auto_pc
Adding component instance block -- xilinx.com:ip:axi_register_slice:2.1 - m05_regslice
Adding component instance block -- xilinx.com:ip:axi_clock_converter:2.1 - auto_cc
Adding component instance block -- xilinx.com:ip:axi_protocol_converter:2.1 - auto_pc
Adding component instance block -- xilinx.com:ip:axi_protocol_converter:2.1 - auto_pc
Adding component instance block -- xilinx.com:ip:axi_protocol_converter:2.1 - auto_pc
Adding component instance block -- xilinx.com:ip:axi_clock_converter:2.1 - auto_cc
Adding component instance block -- xilinx.com:ip:axi_protocol_converter:2.1 - auto_pc
Adding component instance block -- xilinx.com:ip:axi_clock_converter:2.1 - auto_cc
Adding component instance block -- xilinx.com:ip:axi_protocol_converter:2.1 - auto_pc
Adding component instance block -- xilinx.com:ip:axi_register_slice:2.1 - m14_regslice
Adding component instance block -- xilinx.com:ip:axi_protocol_converter:2.1 - auto_pc
Adding component instance block -- xilinx.com:ip:axi_register_slice:2.1 - m15_regslice
Adding component instance block -- xilinx.com:ip:axi_protocol_converter:2.1 - auto_pc
Adding component instance block -- analog.com:user:axi_ad9361:1.0 - axi_ad9361
Adding component instance block -- analog.com:user:util_tdd_sync:1.0 - util_ad9361_tdd_sync
Adding component instance block -- xilinx.com:ip:xlconcat:2.1 - util_ad9361_divclk_sel_concat
Adding component instance block -- xilinx.com:ip:util_reduced_logic:2.0 - util_ad9361_divclk_sel
Adding component instance block -- analog.com:user:util_clkdiv:1.0 - util_ad9361_divclk
Adding component instance block -- xilinx.com:ip:proc_sys_reset:5.0 - util_ad9361_divclk_reset
Adding component instance block -- analog.com:user:util_wfifo:1.0 - util_ad9361_adc_fifo
Adding component instance block -- analog.com:user:util_cpack2:1.0 - util_ad9361_adc_pack
Adding component instance block -- analog.com:user:axi_dmac:1.0 - axi_ad9361_adc_dma
WARNING: [BD 41-721] Attempt to set value '1' on disabled parameter 'DMA_AXI_PROTOCOL_SRC' of cell '/axi_ad9361_adc_dma' is ignored
Adding component instance block -- analog.com:user:util_rfifo:1.0 - axi_ad9361_dac_fifo
Adding component instance block -- analog.com:user:util_upack2:1.0 - util_ad9361_dac_upack
Adding component instance block -- analog.com:user:axi_dmac:1.0 - axi_ad9361_dac_dma
WARNING: [BD 41-721] Attempt to set value '1' on disabled parameter 'DMA_AXI_PROTOCOL_DEST' of cell '/axi_ad9361_dac_dma' is ignored
Adding component instance block -- xilinx.com:ip:smartconnect:1.0 - axi_hp1_interconnect
Adding component instance block -- xilinx.com:ip:smartconnect:1.0 - axi_hp2_interconnect
Adding component instance block -- xilinx.com:ip:gmii_to_rgmii:4.1 - sys_rgmii
Adding component instance block -- xilinx.com:ip:proc_sys_reset:5.0 - sys_rgmii_rstgen
Adding component instance block -- xilinx.com:ip:clk_wiz:6.0 - sys_audio_clkgen
Adding component instance block -- analog.com:user:axi_i2s_adi:1.0 - axi_i2s_adi
Adding component instance block -- analog.com:user:axi_xcvrlb:1.0 - axi_pz_xcvrlb
Adding component instance block -- analog.com:user:axi_gpreg:1.0 - axi_gpreg
Adding component instance block -- xilinx.com:ip:xlconstant:1.1 - const_intr_concat_gnd
Adding component instance block -- mathworks.com:user:util_mw_dac_reg:1.0 - dac_latch
Adding component instance block -- mathworks.com:user:util_mw_bypass_user_logic:1.0 - bypass_tx
Adding component instance block -- mathworks.com:user:util_mw_bypass_user_logic:1.0 - bypass_rx
Adding component instance block -- xilinx.com:ip:axi_interconnect:2.1 - axi_dma_mm2s_cpu_ic
Adding component instance block -- xilinx.com:ip:axi_register_slice:2.1 - s00_regslice
Adding component instance block -- xilinx.com:ip:axi_dwidth_converter:2.1 - auto_us
Adding component instance block -- xilinx.com:ip:axi_register_slice:2.1 - auto_rs_w
Adding component instance block -- xilinx.com:ip:axi_interconnect:2.1 - axi_dma_s2mm_cpu_ic
Adding component instance block -- xilinx.com:ip:axi_register_slice:2.1 - s00_regslice
Adding component instance block -- xilinx.com:ip:axi_dwidth_converter:2.1 - auto_us
Adding component instance block -- xilinx.com:ip:axi_register_slice:2.1 - auto_rs_w
Adding component instance block -- analog.com:user:axi_dmac:1.0 - axi_dma_mm2s
WARNING: [BD 41-721] Attempt to set value '1' on disabled parameter 'DMA_AXI_PROTOCOL_DEST' of cell '/axi_dma_mm2s' is ignored
Adding component instance block -- analog.com:user:axi_dmac:1.0 - axi_dma_s2mm
WARNING: [BD 41-721] Attempt to set value '1' on disabled parameter 'DMA_AXI_PROTOCOL_SRC' of cell '/axi_dma_s2mm' is ignored
Adding component instance block -- mathworks.com:user:util_mw_gpio_mux:1.0 - gpio_mux_0
Adding component instance block -- mathworks.com:user:util_mw_clkconstr:1.0 - util_mw_clkconstr
Adding component instance block -- mathworks.com:user:util_mw_led_driver:1.0 - led_driver
Successfully read diagram <system> from block design file </home/daniel/Documents/MATLAB/Examples/R2024b/xilinxzynqbasedradio/HWSWCoDesignWithAXI4StreamUsingAnalogDevicesAD9361AD9364Example/hdl_prj/vivado_ip_prj/vivado_prj.srcs/sources_1/bd/system/system.bd>
WARNING: [BD 5-234] No nets matched 'get_bd_nets -of_objects /util_ad9361_adc_fifo/dout_data_0'
WARNING: [BD 5-234] No nets matched 'get_bd_nets -of_objects /bypass_rx/dut_data_in_0'
WARNING: [BD 5-234] No nets matched 'get_bd_nets -of_objects /util_ad9361_adc_fifo/dout_data_1'
WARNING: [BD 5-234] No nets matched 'get_bd_nets -of_objects /bypass_rx/dut_data_in_1'
WARNING: [BD 5-234] No nets matched 'get_bd_nets -of_objects /util_ad9361_adc_fifo/dout_data_2'
WARNING: [BD 5-234] No nets matched 'get_bd_nets -of_objects /bypass_rx/dut_data_in_2'
WARNING: [BD 5-234] No nets matched 'get_bd_nets -of_objects /util_ad9361_adc_fifo/dout_data_3'
WARNING: [BD 5-234] No nets matched 'get_bd_nets -of_objects /bypass_rx/dut_data_in_3'
WARNING: [BD 5-234] No nets matched 'get_bd_nets -of_objects /util_ad9361_adc_fifo/dout_valid_0'
WARNING: [BD 5-234] No nets matched 'get_bd_nets -of_objects /bypass_rx/dut_valid_in'
WARNING: [BD 5-234] No nets matched 'get_bd_nets -of_objects /util_ad9361_dac_upack/fifo_rd_data_0'
WARNING: [BD 5-234] No nets matched 'get_bd_nets -of_objects /bypass_tx/dut_data_in_0'
WARNING: [BD 5-234] No nets matched 'get_bd_nets -of_objects /util_ad9361_dac_upack/fifo_rd_data_1'
WARNING: [BD 5-234] No nets matched 'get_bd_nets -of_objects /bypass_tx/dut_data_in_1'
WARNING: [BD 5-234] No nets matched 'get_bd_nets -of_objects /util_ad9361_dac_upack/fifo_rd_valid'
WARNING: [BD 5-234] No nets matched 'get_bd_nets -of_objects /bypass_tx/dut_valid_in'
WARNING: [BD 41-2670] Found an incomplete address path from address space '/sys_ps7/Data' to master interface '/axi_cpu_interconnect/M00_AXI'. Please either complete or remove this path to resolve.
WARNING: [BD 41-2670] Found an incomplete address path from address space '/sys_ps7/Data' to master interface '/axi_cpu_interconnect/M06_AXI'. Please either complete or remove this path to resolve.
WARNING: [BD 41-2670] Found an incomplete address path from address space '/sys_ps7/Data' to master interface '/axi_cpu_interconnect/M07_AXI'. Please either complete or remove this path to resolve.
WARNING: [BD 41-2670] Found an incomplete address path from address space '/sys_ps7/Data' to master interface '/axi_cpu_interconnect/M08_AXI'. Please either complete or remove this path to resolve.
WARNING: [BD 5-699] No address segments matched 'get_bd_addr_segs -addressables -of_objects /axi_cpu_interconnect/xbar/M00_AXI'
WARNING: [BD 5-699] No address segments matched 'get_bd_addr_segs -addressables -of_objects /axi_cpu_interconnect/xbar/M06_AXI'
WARNING: [BD 5-699] No address segments matched 'get_bd_addr_segs -addressables -of_objects /axi_cpu_interconnect/xbar/M07_AXI'
WARNING: [BD 5-699] No address segments matched 'get_bd_addr_segs -addressables -of_objects /axi_cpu_interconnect/xbar/M08_AXI'
WARNING: [#UNDEF] When using EMIO pins for SPI_0 tie SSIN High in the PL bitstream
WARNING: [#UNDEF] When using EMIO pins for SPI_1 tie SSIN High in the PL bitstream
INFO: [BD 5-943] Reserving offset range <0x0000_0000 [ 1G ]> from slave interface '/axi_hp1_interconnect/S00_AXI' to master interface '/axi_hp1_interconnect/M00_AXI'. This will be used by smartconnect on path for routing.
INFO: [xilinx.com:ip:smartconnect:1.0-1] system_axi_hp1_interconnect_0: SmartConnect system_axi_hp1_interconnect_0 is in High-performance Mode.
INFO: [BD 5-943] Reserving offset range <0x0000_0000 [ 1G ]> from slave interface '/axi_hp2_interconnect/S00_AXI' to master interface '/axi_hp2_interconnect/M00_AXI'. This will be used by smartconnect on path for routing.
INFO: [xilinx.com:ip:smartconnect:1.0-1] system_axi_hp2_interconnect_0: SmartConnect system_axi_hp2_interconnect_0 is in High-performance Mode.
INFO: [xilinx.com:ip:clk_wiz:6.0-1] /sys_audio_clkgen clk_wiz propagate
CRITICAL WARNING: [BD 41-759] The input pins (listed below) are either not connected or do not have a source port, and they don't have a tie-off specified. These pins are tied-off to all 0's to avoid error in Implementation flow.
Please check your design and connect them as needed: 
/util_ad9361_adc_pack/enable_0
/util_ad9361_adc_pack/enable_1
/util_ad9361_adc_pack/enable_2
/util_ad9361_adc_pack/enable_3
/util_ad9361_dac_upack/enable_0
/util_ad9361_dac_upack/enable_1
/util_ad9361_dac_upack/enable_2
/util_ad9361_dac_upack/enable_3

validate_bd_design: Time (s): cpu = 00:00:05 ; elapsed = 00:00:06 . Memory (MB): peak = 2375.930 ; gain = 0.000 ; free physical = 4629 ; free virtual = 25018
Wrote  : </home/daniel/Documents/MATLAB/Examples/R2024b/xilinxzynqbasedradio/HWSWCoDesignWithAXI4StreamUsingAnalogDevicesAD9361AD9364Example/hdl_prj/vivado_ip_prj/vivado_prj.srcs/sources_1/bd/system/system.bd> 
INFO: [Common 17-206] Exiting Vivado at Tue Jan 14 13:39:48 2025...
