#-----------------------------------------------------------
# Vivado v2023.1 (64-bit)
# SW Build 3865809 on Sun May  7 15:04:56 MDT 2023
# IP Build 3864474 on Sun May  7 20:36:21 MDT 2023
# SharedData Build 3865790 on Sun May 07 13:33:03 MDT 2023
# Start of session at: Tue Jan 14 13:12:08 2025
# Process ID: 33939
# Current directory: /home/daniel/Documents/MATLAB/Examples/R2024b/xilinxzynqbasedradio/HWSWCoDesignWithAXI4StreamUsingAnalogDevicesAD9361AD9364Example/hdl_prj/vivado_ip_prj
# Command line: vivado -mode batch -notrace -source vivado_create_prj.tcl
# Log file: /home/daniel/Documents/MATLAB/Examples/R2024b/xilinxzynqbasedradio/HWSWCoDesignWithAXI4StreamUsingAnalogDevicesAD9361AD9364Example/hdl_prj/vivado_ip_prj/vivado.log
# Journal file: /home/daniel/Documents/MATLAB/Examples/R2024b/xilinxzynqbasedradio/HWSWCoDesignWithAXI4StreamUsingAnalogDevicesAD9361AD9364Example/hdl_prj/vivado_ip_prj/vivado.jou
# Running On: Sure-Hope-It-Does, OS: Linux, CPU Frequency: 3051.636 MHz, CPU Physical cores: 16, Host memory: 32919 MB
#-----------------------------------------------------------
source vivado_create_prj.tcl -notrace
create_project: Time (s): cpu = 00:00:16 ; elapsed = 00:00:17 . Memory (MB): peak = 1920.059 ; gain = 637.027 ; free physical = 4146 ; free virtual = 22835
INFO: [IP_Flow 19-234] Refreshing IP repositories
INFO: [IP_Flow 19-1700] Loaded user IP repository '/home/daniel/Documents/MATLAB/Examples/R2024b/xilinxzynqbasedradio/HWSWCoDesignWithAXI4StreamUsingAnalogDevicesAD9361AD9364Example/hdl_prj/vivado_ip_prj/ipcore'.
INFO: [IP_Flow 19-2313] Loaded Vivado IP repository '/tools/Xilinx/Vivado/2023.1/data/ip'.
INFO: [IP_Flow 19-1839] IP Catalog is up to date.
INFO: [IP_Flow 19-234] Refreshing IP repositories
INFO: [IP_Flow 19-1700] Loaded user IP repository '/home/daniel/Documents/MATLAB/Examples/R2024b/xilinxzynqbasedradio/HWSWCoDesignWithAXI4StreamUsingAnalogDevicesAD9361AD9364Example/hdl_prj/vivado_ip_prj/ipcore'.
WARNING: [IP_Flow 19-3685] Ignored loading user repository '/home/daniel/Documents/MATLAB/Examples/R2024b/xilinxzynqbasedradio/HWSWCoDesignWithAXI4StreamUsingAnalogDevicesAD9361AD9364Example/hdl_prj/vivado_ip_prj/ipcore/adi/library'. The path is contained within another repository.
==> Using Board zed
Wrote  : </home/daniel/Documents/MATLAB/Examples/R2024b/xilinxzynqbasedradio/HWSWCoDesignWithAXI4StreamUsingAnalogDevicesAD9361AD9364Example/hdl_prj/vivado_ip_prj/vivado_prj.srcs/sources_1/bd/system/system.bd> 
INFO: [PS7-1] Applying Board Preset ZedBoard...
CRITICAL WARNING: [PSU-1]  Parameter : PCW_UIPARAM_DDR_DQS_TO_CLK_DELAY_2 has negative value -0.009 . PS DDR interfaces might fail when entering negative DQS skew values. 
CRITICAL WARNING: [PSU-2]  Parameter : PCW_UIPARAM_DDR_DQS_TO_CLK_DELAY_3 has negative value -0.061 . PS DDR interfaces might fail when entering negative DQS skew values. 
CRITICAL WARNING: [PSU-1]  Parameter : PCW_UIPARAM_DDR_DQS_TO_CLK_DELAY_2 has negative value -0.009 . PS DDR interfaces might fail when entering negative DQS skew values. 
CRITICAL WARNING: [PSU-2]  Parameter : PCW_UIPARAM_DDR_DQS_TO_CLK_DELAY_3 has negative value -0.061 . PS DDR interfaces might fail when entering negative DQS skew values. 
CRITICAL WARNING: [PSU-1]  Parameter : PCW_UIPARAM_DDR_DQS_TO_CLK_DELAY_2 has negative value -0.009 . PS DDR interfaces might fail when entering negative DQS skew values. 
CRITICAL WARNING: [PSU-2]  Parameter : PCW_UIPARAM_DDR_DQS_TO_CLK_DELAY_3 has negative value -0.061 . PS DDR interfaces might fail when entering negative DQS skew values. 
CRITICAL WARNING: [PSU-1]  Parameter : PCW_UIPARAM_DDR_DQS_TO_CLK_DELAY_2 has negative value -0.009 . PS DDR interfaces might fail when entering negative DQS skew values. 
CRITICAL WARNING: [PSU-2]  Parameter : PCW_UIPARAM_DDR_DQS_TO_CLK_DELAY_3 has negative value -0.061 . PS DDR interfaces might fail when entering negative DQS skew values. 
CRITICAL WARNING: [PSU-1]  Parameter : PCW_UIPARAM_DDR_DQS_TO_CLK_DELAY_2 has negative value -0.009 . PS DDR interfaces might fail when entering negative DQS skew values. 
CRITICAL WARNING: [PSU-2]  Parameter : PCW_UIPARAM_DDR_DQS_TO_CLK_DELAY_3 has negative value -0.061 . PS DDR interfaces might fail when entering negative DQS skew values. 
CRITICAL WARNING: [PSU-1]  Parameter : PCW_UIPARAM_DDR_DQS_TO_CLK_DELAY_2 has negative value -0.009 . PS DDR interfaces might fail when entering negative DQS skew values. 
CRITICAL WARNING: [PSU-2]  Parameter : PCW_UIPARAM_DDR_DQS_TO_CLK_DELAY_3 has negative value -0.061 . PS DDR interfaces might fail when entering negative DQS skew values. 
CRITICAL WARNING: [PSU-1]  Parameter : PCW_UIPARAM_DDR_DQS_TO_CLK_DELAY_2 has negative value -0.009 . PS DDR interfaces might fail when entering negative DQS skew values. 
CRITICAL WARNING: [PSU-2]  Parameter : PCW_UIPARAM_DDR_DQS_TO_CLK_DELAY_3 has negative value -0.061 . PS DDR interfaces might fail when entering negative DQS skew values. 
CRITICAL WARNING: [PSU-1]  Parameter : PCW_UIPARAM_DDR_DQS_TO_CLK_DELAY_2 has negative value -0.009 . PS DDR interfaces might fail when entering negative DQS skew values. 
CRITICAL WARNING: [PSU-2]  Parameter : PCW_UIPARAM_DDR_DQS_TO_CLK_DELAY_3 has negative value -0.061 . PS DDR interfaces might fail when entering negative DQS skew values. 
CRITICAL WARNING: [PSU-1]  Parameter : PCW_UIPARAM_DDR_DQS_TO_CLK_DELAY_2 has negative value -0.009 . PS DDR interfaces might fail when entering negative DQS skew values. 
CRITICAL WARNING: [PSU-2]  Parameter : PCW_UIPARAM_DDR_DQS_TO_CLK_DELAY_3 has negative value -0.061 . PS DDR interfaces might fail when entering negative DQS skew values. 
INFO: [Ipptcl 7-1463] No Compatible Board Interface found. Board Tab not created in customize GUI
INFO: [Ipptcl 7-1463] No Compatible Board Interface found. Board Tab not created in customize GUI
INFO: [Device 21-403] Loading part xc7z020clg484-1
create_bd_net sys_cpu_clk
connect_bd_net -net /sys_cpu_clk /sys_ps7/FCLK_CLK0
create_bd_net sys_200m_clk
connect_bd_net -net /sys_200m_clk /sys_ps7/FCLK_CLK1
create_bd_net sys_cpu_reset
connect_bd_net -net /sys_cpu_reset /sys_rstgen/peripheral_reset
create_bd_net sys_cpu_resetn
connect_bd_net -net /sys_cpu_resetn /sys_rstgen/peripheral_aresetn
connect_bd_net -net /sys_cpu_clk /sys_rstgen/slowest_sync_clk
connect_bd_net /sys_rstgen/ext_reset_in /sys_ps7/FCLK_RESET0_N
create_bd_net sys_200m_reset
connect_bd_net -net /sys_200m_reset /sys_200m_rstgen/peripheral_reset
create_bd_net sys_200m_resetn
connect_bd_net -net /sys_200m_resetn /sys_200m_rstgen/peripheral_aresetn
connect_bd_net -net /sys_200m_clk /sys_200m_rstgen/slowest_sync_clk
connect_bd_net /sys_200m_rstgen/ext_reset_in /sys_ps7/FCLK_RESET1_N
connect_bd_intf_net /ddr /sys_ps7/DDR
connect_bd_net /gpio_i /sys_ps7/GPIO_I
WARNING: [BD 41-1306] The connection to interface pin </sys_ps7/GPIO_I> is being overridden by the user with net <gpio_i_1>. This pin will not be connected as a part of interface connection <GPIO_0>.
connect_bd_net /gpio_o /sys_ps7/GPIO_O
WARNING: [BD 41-1306] The connection to interface pin </sys_ps7/GPIO_O> is being overridden by the user with net <sys_ps7_GPIO_O>. This pin will not be connected as a part of interface connection <GPIO_0>.
connect_bd_net /gpio_t /sys_ps7/GPIO_T
WARNING: [BD 41-1306] The connection to interface pin </sys_ps7/GPIO_T> is being overridden by the user with net <sys_ps7_GPIO_T>. This pin will not be connected as a part of interface connection <GPIO_0>.
connect_bd_intf_net /fixed_io /sys_ps7/FIXED_IO
connect_bd_intf_net /iic_fmc /axi_iic_fmc/IIC
connect_bd_net -net /sys_200m_clk /axi_hdmi_clkgen/clk
connect_bd_intf_net /axi_iic_main/IIC /sys_i2c_mixer/upstream
connect_bd_net /iic_mux_scl_i /sys_i2c_mixer/downstream_scl_I
connect_bd_net /iic_mux_scl_o /sys_i2c_mixer/downstream_scl_O
connect_bd_net /iic_mux_scl_t /sys_i2c_mixer/downstream_scl_T
connect_bd_net /iic_mux_sda_i /sys_i2c_mixer/downstream_sda_I
connect_bd_net /iic_mux_sda_o /sys_i2c_mixer/downstream_sda_O
connect_bd_net /iic_mux_sda_t /sys_i2c_mixer/downstream_sda_T
connect_bd_net /sys_logic_inv/Res /sys_ps7/USB0_VBUS_PWRFAULT
WARNING: [BD 41-1306] The connection to interface pin </sys_ps7/USB0_VBUS_PWRFAULT> is being overridden by the user with net <sys_logic_inv_Res>. This pin will not be connected as a part of interface connection <USBIND_0>.
connect_bd_net /otg_vbusoc /sys_logic_inv/Op1
connect_bd_net /spi0_csn_2_o /sys_ps7/SPI0_SS2_O
WARNING: [BD 41-1306] The connection to interface pin </sys_ps7/SPI0_SS2_O> is being overridden by the user with net <sys_ps7_SPI0_SS2_O>. This pin will not be connected as a part of interface connection <SPI_0>.
connect_bd_net /spi0_csn_1_o /sys_ps7/SPI0_SS1_O
WARNING: [BD 41-1306] The connection to interface pin </sys_ps7/SPI0_SS1_O> is being overridden by the user with net <sys_ps7_SPI0_SS1_O>. This pin will not be connected as a part of interface connection <SPI_0>.
connect_bd_net /spi0_csn_0_o /sys_ps7/SPI0_SS_O
WARNING: [BD 41-1306] The connection to interface pin </sys_ps7/SPI0_SS_O> is being overridden by the user with net <sys_ps7_SPI0_SS_O>. This pin will not be connected as a part of interface connection <SPI_0>.
connect_bd_net /spi0_csn_i /sys_ps7/SPI0_SS_I
WARNING: [BD 41-1306] The connection to interface pin </sys_ps7/SPI0_SS_I> is being overridden by the user with net <spi0_csn_i_1>. This pin will not be connected as a part of interface connection <SPI_0>.
connect_bd_net /spi0_clk_i /sys_ps7/SPI0_SCLK_I
WARNING: [BD 41-1306] The connection to interface pin </sys_ps7/SPI0_SCLK_I> is being overridden by the user with net <spi0_clk_i_1>. This pin will not be connected as a part of interface connection <SPI_0>.
connect_bd_net /spi0_clk_o /sys_ps7/SPI0_SCLK_O
WARNING: [BD 41-1306] The connection to interface pin </sys_ps7/SPI0_SCLK_O> is being overridden by the user with net <sys_ps7_SPI0_SCLK_O>. This pin will not be connected as a part of interface connection <SPI_0>.
connect_bd_net /spi0_sdo_i /sys_ps7/SPI0_MOSI_I
WARNING: [BD 41-1306] The connection to interface pin </sys_ps7/SPI0_MOSI_I> is being overridden by the user with net <spi0_sdo_i_1>. This pin will not be connected as a part of interface connection <SPI_0>.
connect_bd_net /spi0_sdo_o /sys_ps7/SPI0_MOSI_O
WARNING: [BD 41-1306] The connection to interface pin </sys_ps7/SPI0_MOSI_O> is being overridden by the user with net <sys_ps7_SPI0_MOSI_O>. This pin will not be connected as a part of interface connection <SPI_0>.
connect_bd_net /spi0_sdi_i /sys_ps7/SPI0_MISO_I
WARNING: [BD 41-1306] The connection to interface pin </sys_ps7/SPI0_MISO_I> is being overridden by the user with net <spi0_sdi_i_1>. This pin will not be connected as a part of interface connection <SPI_0>.
connect_bd_net /spi1_csn_2_o /sys_ps7/SPI1_SS2_O
WARNING: [BD 41-1306] The connection to interface pin </sys_ps7/SPI1_SS2_O> is being overridden by the user with net <sys_ps7_SPI1_SS2_O>. This pin will not be connected as a part of interface connection <SPI_1>.
connect_bd_net /spi1_csn_1_o /sys_ps7/SPI1_SS1_O
WARNING: [BD 41-1306] The connection to interface pin </sys_ps7/SPI1_SS1_O> is being overridden by the user with net <sys_ps7_SPI1_SS1_O>. This pin will not be connected as a part of interface connection <SPI_1>.
connect_bd_net /spi1_csn_0_o /sys_ps7/SPI1_SS_O
WARNING: [BD 41-1306] The connection to interface pin </sys_ps7/SPI1_SS_O> is being overridden by the user with net <sys_ps7_SPI1_SS_O>. This pin will not be connected as a part of interface connection <SPI_1>.
connect_bd_net /spi1_csn_i /sys_ps7/SPI1_SS_I
WARNING: [BD 41-1306] The connection to interface pin </sys_ps7/SPI1_SS_I> is being overridden by the user with net <spi1_csn_i_1>. This pin will not be connected as a part of interface connection <SPI_1>.
connect_bd_net /spi1_clk_i /sys_ps7/SPI1_SCLK_I
WARNING: [BD 41-1306] The connection to interface pin </sys_ps7/SPI1_SCLK_I> is being overridden by the user with net <spi1_clk_i_1>. This pin will not be connected as a part of interface connection <SPI_1>.
connect_bd_net /spi1_clk_o /sys_ps7/SPI1_SCLK_O
WARNING: [BD 41-1306] The connection to interface pin </sys_ps7/SPI1_SCLK_O> is being overridden by the user with net <sys_ps7_SPI1_SCLK_O>. This pin will not be connected as a part of interface connection <SPI_1>.
connect_bd_net /spi1_sdo_i /sys_ps7/SPI1_MOSI_I
WARNING: [BD 41-1306] The connection to interface pin </sys_ps7/SPI1_MOSI_I> is being overridden by the user with net <spi1_sdo_i_1>. This pin will not be connected as a part of interface connection <SPI_1>.
connect_bd_net /spi1_sdo_o /sys_ps7/SPI1_MOSI_O
WARNING: [BD 41-1306] The connection to interface pin </sys_ps7/SPI1_MOSI_O> is being overridden by the user with net <sys_ps7_SPI1_MOSI_O>. This pin will not be connected as a part of interface connection <SPI_1>.
connect_bd_net /spi1_sdi_i /sys_ps7/SPI1_MISO_I
WARNING: [BD 41-1306] The connection to interface pin </sys_ps7/SPI1_MISO_I> is being overridden by the user with net <spi1_sdi_i_1>. This pin will not be connected as a part of interface connection <SPI_1>.
connect_bd_net -net /sys_cpu_clk /axi_hdmi_core/vdma_clk
connect_bd_net /axi_hdmi_core/hdmi_clk /axi_hdmi_clkgen/clk_0
connect_bd_net /axi_hdmi_core/hdmi_out_clk /hdmi_out_clk
connect_bd_net /axi_hdmi_core/hdmi_16_hsync /hdmi_hsync
connect_bd_net /axi_hdmi_core/hdmi_16_vsync /hdmi_vsync
connect_bd_net /axi_hdmi_core/hdmi_16_data_e /hdmi_data_e
connect_bd_net /axi_hdmi_core/hdmi_16_data /hdmi_data
connect_bd_intf_net /axi_hdmi_dma/m_axis /axi_hdmi_core/s_axis
connect_bd_net -net /sys_cpu_resetn /axi_hdmi_dma/s_axi_aresetn
connect_bd_net -net /sys_cpu_resetn /axi_hdmi_dma/m_src_axi_aresetn
connect_bd_net -net /sys_cpu_clk /axi_hdmi_dma/s_axi_aclk
connect_bd_net -net /sys_cpu_clk /axi_hdmi_dma/m_src_axi_aclk
connect_bd_net -net /sys_cpu_clk /axi_hdmi_dma/m_axis_aclk
connect_bd_net -net /sys_cpu_clk /axi_spdif_tx_core/dma_req_aclk
connect_bd_net -net /sys_cpu_clk /sys_ps7/DMA0_ACLK
connect_bd_intf_net /sys_ps7/DMA0_REQ /axi_spdif_tx_core/dma_req
connect_bd_intf_net /sys_ps7/DMA0_ACK /axi_spdif_tx_core/dma_ack
connect_bd_net -net /sys_cpu_resetn /axi_spdif_tx_core/dma_req_rstn
connect_bd_net -net /sys_200m_clk /sys_audio_clkgen/clk_in1
connect_bd_net -net /sys_cpu_resetn /sys_audio_clkgen/resetn
connect_bd_net /sys_audio_clkgen/clk_out1 /axi_spdif_tx_core/spdif_data_clk
connect_bd_net /spdif /axi_spdif_tx_core/spdif_tx_o
connect_bd_net -net /sys_cpu_clk /axi_i2s_adi/dma_req_rx_aclk
connect_bd_net -net /sys_cpu_clk /axi_i2s_adi/dma_req_tx_aclk
connect_bd_net -net /sys_cpu_clk /sys_ps7/DMA1_ACLK
connect_bd_net -net /sys_cpu_clk /sys_ps7/DMA2_ACLK
connect_bd_net /sys_audio_clkgen/clk_out1 /i2s_mclk
connect_bd_net /sys_audio_clkgen/clk_out1 /axi_i2s_adi/data_clk_i
connect_bd_intf_net /i2s /axi_i2s_adi/i2s
connect_bd_intf_net /sys_ps7/DMA1_REQ /axi_i2s_adi/dma_req_tx
connect_bd_intf_net /sys_ps7/DMA1_ACK /axi_i2s_adi/dma_ack_tx
connect_bd_net -net /sys_cpu_resetn /axi_i2s_adi/dma_req_tx_rstn
connect_bd_intf_net /sys_ps7/DMA2_REQ /axi_i2s_adi/dma_req_rx
connect_bd_intf_net /sys_ps7/DMA2_ACK /axi_i2s_adi/dma_ack_rx
connect_bd_net -net /sys_cpu_resetn /axi_i2s_adi/dma_req_rx_rstn
connect_bd_net /axi_sysid_0/rom_addr /rom_sys_0/rom_addr
connect_bd_net /axi_sysid_0/sys_rom_data /rom_sys_0/rom_data
connect_bd_net -net /sys_cpu_clk /rom_sys_0/clk
connect_bd_net /sys_concat_intc/dout /sys_ps7/IRQ_F2P
connect_bd_net /sys_concat_intc/In15 /axi_hdmi_dma/irq
connect_bd_net /sys_concat_intc/In14 /axi_iic_main/iic2intc_irpt
connect_bd_net GND_1/dout sys_concat_intc/In13
connect_bd_net GND_1/dout sys_concat_intc/In12
connect_bd_net /sys_concat_intc/In11 /axi_iic_fmc/iic2intc_irpt
connect_bd_net GND_1/dout sys_concat_intc/In10
connect_bd_net GND_1/dout sys_concat_intc/In9
connect_bd_net GND_1/dout sys_concat_intc/In8
connect_bd_net GND_1/dout sys_concat_intc/In7
connect_bd_net GND_1/dout sys_concat_intc/In6
connect_bd_net GND_1/dout sys_concat_intc/In5
connect_bd_net GND_1/dout sys_concat_intc/In4
connect_bd_net GND_1/dout sys_concat_intc/In3
connect_bd_net GND_1/dout sys_concat_intc/In2
connect_bd_net GND_1/dout sys_concat_intc/In1
connect_bd_net GND_1/dout sys_concat_intc/In0
connect_bd_net -net /sys_cpu_clk /sys_ps7/M_AXI_GP0_ACLK
connect_bd_net -net /sys_cpu_clk /axi_cpu_interconnect/ACLK
connect_bd_net -net /sys_cpu_clk /axi_cpu_interconnect/S00_ACLK
connect_bd_net -net /sys_cpu_resetn /axi_cpu_interconnect/ARESETN
connect_bd_net -net /sys_cpu_resetn /axi_cpu_interconnect/S00_ARESETN
connect_bd_intf_net /axi_cpu_interconnect/S00_AXI /sys_ps7/M_AXI_GP0
connect_bd_net -net /sys_cpu_clk /axi_cpu_interconnect/M00_ACLK
connect_bd_net -net /sys_cpu_clk /axi_iic_main/s_axi_aclk
connect_bd_net -net /sys_cpu_resetn /axi_cpu_interconnect/M00_ARESETN
connect_bd_net -net /sys_cpu_resetn /axi_iic_main/s_axi_aresetn
connect_bd_intf_net /axi_cpu_interconnect/M00_AXI /axi_iic_main/S_AXI
connect_bd_net -net /sys_cpu_clk /axi_cpu_interconnect/M01_ACLK
connect_bd_net -net /sys_cpu_clk /axi_sysid_0/s_axi_aclk
connect_bd_net -net /sys_cpu_resetn /axi_cpu_interconnect/M01_ARESETN
connect_bd_net -net /sys_cpu_resetn /axi_sysid_0/s_axi_aresetn
connect_bd_intf_net /axi_cpu_interconnect/M01_AXI /axi_sysid_0/s_axi
connect_bd_net -net /sys_cpu_clk /axi_cpu_interconnect/M02_ACLK
connect_bd_net -net /sys_cpu_clk /axi_hdmi_clkgen/s_axi_aclk
connect_bd_net -net /sys_cpu_resetn /axi_cpu_interconnect/M02_ARESETN
connect_bd_net -net /sys_cpu_resetn /axi_hdmi_clkgen/s_axi_aresetn
connect_bd_intf_net /axi_cpu_interconnect/M02_AXI /axi_hdmi_clkgen/s_axi
connect_bd_net -net /sys_cpu_clk /axi_cpu_interconnect/M03_ACLK
connect_bd_net -net /sys_cpu_resetn /axi_cpu_interconnect/M03_ARESETN
connect_bd_intf_net /axi_cpu_interconnect/M03_AXI /axi_hdmi_dma/s_axi
connect_bd_net -net /sys_cpu_clk /axi_cpu_interconnect/M04_ACLK
connect_bd_net -net /sys_cpu_clk /axi_hdmi_core/s_axi_aclk
connect_bd_net -net /sys_cpu_resetn /axi_cpu_interconnect/M04_ARESETN
connect_bd_net -net /sys_cpu_resetn /axi_hdmi_core/s_axi_aresetn
connect_bd_intf_net /axi_cpu_interconnect/M04_AXI /axi_hdmi_core/s_axi
connect_bd_net -net /sys_cpu_clk /axi_cpu_interconnect/M05_ACLK
connect_bd_net -net /sys_cpu_clk /axi_spdif_tx_core/s_axi_aclk
connect_bd_net -net /sys_cpu_resetn /axi_cpu_interconnect/M05_ARESETN
connect_bd_net -net /sys_cpu_resetn /axi_spdif_tx_core/s_axi_aresetn
connect_bd_intf_net /axi_cpu_interconnect/M05_AXI /axi_spdif_tx_core/s_axi
connect_bd_net -net /sys_cpu_clk /axi_cpu_interconnect/M06_ACLK
connect_bd_net -net /sys_cpu_clk /axi_i2s_adi/s_axi_aclk
connect_bd_net -net /sys_cpu_resetn /axi_cpu_interconnect/M06_ARESETN
connect_bd_net -net /sys_cpu_resetn /axi_i2s_adi/s_axi_aresetn
connect_bd_intf_net /axi_cpu_interconnect/M06_AXI /axi_i2s_adi/s_axi
connect_bd_net -net /sys_cpu_clk /axi_cpu_interconnect/M07_ACLK
connect_bd_net -net /sys_cpu_clk /axi_iic_fmc/s_axi_aclk
connect_bd_net -net /sys_cpu_resetn /axi_cpu_interconnect/M07_ARESETN
connect_bd_net -net /sys_cpu_resetn /axi_iic_fmc/s_axi_aresetn
connect_bd_intf_net /axi_cpu_interconnect/M07_AXI /axi_iic_fmc/S_AXI
connect_bd_net -net /sys_cpu_resetn /axi_hp0_interconnect/aresetn
connect_bd_net -net /sys_cpu_clk /axi_hp0_interconnect/aclk
connect_bd_intf_net /axi_hp0_interconnect/M00_AXI /sys_ps7/S_AXI_HP0
connect_bd_net -net /sys_cpu_clk /sys_ps7/S_AXI_HP0_ACLK
connect_bd_intf_net /axi_hp0_interconnect/S00_AXI /axi_hdmi_dma/m_src_axi
WARNING: [BD 5-230] No cells matched 'get_bd_cells /sys_mb'
WARNING: [BD 5-232] No interface pins matched 'get_bd_intf_pins -filter {NAME=~ *DLMB*} -of {}'
WARNING: [BD 5-700] No address spaces matched 'get_bd_addr_spaces -of {}'
WARNING: [BD 5-699] No address segments matched 'get_bd_addr_segs -of {} -filter {NAME=~ *DDR* || NAME=~ *ddr*}'
Slave segment '/sys_ps7/S_AXI_HP0/HP0_DDR_LOWOCM' is being assigned into address space '/axi_hdmi_dma/m_src_axi' at <0x0000_0000 [ 512M ]>.
connect_bd_net -net /sys_200m_clk /axi_ad9361/delay_clk
connect_bd_net /axi_ad9361/l_clk /axi_ad9361/clk
connect_bd_net /rx_clk_in_p /axi_ad9361/rx_clk_in_p
connect_bd_net /rx_clk_in_n /axi_ad9361/rx_clk_in_n
connect_bd_net /rx_frame_in_p /axi_ad9361/rx_frame_in_p
connect_bd_net /rx_frame_in_n /axi_ad9361/rx_frame_in_n
connect_bd_net /rx_data_in_p /axi_ad9361/rx_data_in_p
connect_bd_net /rx_data_in_n /axi_ad9361/rx_data_in_n
connect_bd_net /tx_clk_out_p /axi_ad9361/tx_clk_out_p
connect_bd_net /tx_clk_out_n /axi_ad9361/tx_clk_out_n
connect_bd_net /tx_frame_out_p /axi_ad9361/tx_frame_out_p
connect_bd_net /tx_frame_out_n /axi_ad9361/tx_frame_out_n
connect_bd_net /tx_data_out_p /axi_ad9361/tx_data_out_p
connect_bd_net /tx_data_out_n /axi_ad9361/tx_data_out_n
connect_bd_net /enable /axi_ad9361/enable
connect_bd_net /txnrx /axi_ad9361/txnrx
connect_bd_net /up_enable /axi_ad9361/up_enable
connect_bd_net /up_txnrx /axi_ad9361/up_txnrx
connect_bd_net -net /sys_cpu_clk /util_ad9361_tdd_sync/clk
connect_bd_net -net /sys_cpu_resetn /util_ad9361_tdd_sync/rstn
connect_bd_net /util_ad9361_tdd_sync/sync_out /axi_ad9361/tdd_sync
connect_bd_net /util_ad9361_tdd_sync/sync_mode /axi_ad9361/tdd_sync_cntr
connect_bd_net /tdd_sync_t /axi_ad9361/tdd_sync_cntr
connect_bd_net /tdd_sync_o /util_ad9361_tdd_sync/sync_out
connect_bd_net /tdd_sync_i /util_ad9361_tdd_sync/sync_in
connect_bd_net /axi_ad9361/adc_r1_mode /util_ad9361_divclk_sel_concat/In0
connect_bd_net /axi_ad9361/dac_r1_mode /util_ad9361_divclk_sel_concat/In1
connect_bd_net /util_ad9361_divclk_sel_concat/dout /util_ad9361_divclk_sel/Op1
connect_bd_net /util_ad9361_divclk_sel/Res /util_ad9361_divclk/clk_sel
connect_bd_net /axi_ad9361/l_clk /util_ad9361_divclk/clk
INFO: [Ipptcl 7-1463] No Compatible Board Interface found. Board Tab not created in customize GUI
connect_bd_net /sys_rstgen/peripheral_aresetn /util_ad9361_divclk_reset/ext_reset_in
connect_bd_net /util_ad9361_divclk/clk_out /util_ad9361_divclk_reset/slowest_sync_clk
connect_bd_net /axi_ad9361/l_clk /util_ad9361_adc_fifo/din_clk
connect_bd_net /axi_ad9361/rst /util_ad9361_adc_fifo/din_rst
connect_bd_net /util_ad9361_divclk/clk_out /util_ad9361_adc_fifo/dout_clk
connect_bd_net /util_ad9361_divclk_reset/peripheral_aresetn /util_ad9361_adc_fifo/dout_rstn
connect_bd_net /axi_ad9361/adc_enable_i0 /util_ad9361_adc_fifo/din_enable_0
connect_bd_net /axi_ad9361/adc_valid_i0 /util_ad9361_adc_fifo/din_valid_0
connect_bd_net /axi_ad9361/adc_data_i0 /util_ad9361_adc_fifo/din_data_0
connect_bd_net /axi_ad9361/adc_enable_q0 /util_ad9361_adc_fifo/din_enable_1
connect_bd_net /axi_ad9361/adc_valid_q0 /util_ad9361_adc_fifo/din_valid_1
connect_bd_net /axi_ad9361/adc_data_q0 /util_ad9361_adc_fifo/din_data_1
connect_bd_net /axi_ad9361/adc_enable_i1 /util_ad9361_adc_fifo/din_enable_2
connect_bd_net /axi_ad9361/adc_valid_i1 /util_ad9361_adc_fifo/din_valid_2
connect_bd_net /axi_ad9361/adc_data_i1 /util_ad9361_adc_fifo/din_data_2
connect_bd_net /axi_ad9361/adc_enable_q1 /util_ad9361_adc_fifo/din_enable_3
connect_bd_net /axi_ad9361/adc_valid_q1 /util_ad9361_adc_fifo/din_valid_3
connect_bd_net /axi_ad9361/adc_data_q1 /util_ad9361_adc_fifo/din_data_3
connect_bd_net /util_ad9361_adc_fifo/din_ovf /axi_ad9361/adc_dovf
connect_bd_net /util_ad9361_divclk/clk_out /util_ad9361_adc_pack/clk
connect_bd_net /util_ad9361_divclk_reset/peripheral_reset /util_ad9361_adc_pack/reset
connect_bd_net /util_ad9361_adc_fifo/dout_valid_0 /util_ad9361_adc_pack/fifo_wr_en
connect_bd_net /util_ad9361_adc_pack/fifo_wr_overflow /util_ad9361_adc_fifo/dout_ovf
connect_bd_net /util_ad9361_adc_fifo/dout_enable_0 /util_ad9361_adc_pack/enable_0
connect_bd_net /util_ad9361_adc_fifo/dout_data_0 /util_ad9361_adc_pack/fifo_wr_data_0
connect_bd_net /util_ad9361_adc_fifo/dout_enable_1 /util_ad9361_adc_pack/enable_1
connect_bd_net /util_ad9361_adc_fifo/dout_data_1 /util_ad9361_adc_pack/fifo_wr_data_1
connect_bd_net /util_ad9361_adc_fifo/dout_enable_2 /util_ad9361_adc_pack/enable_2
connect_bd_net /util_ad9361_adc_fifo/dout_data_2 /util_ad9361_adc_pack/fifo_wr_data_2
connect_bd_net /util_ad9361_adc_fifo/dout_enable_3 /util_ad9361_adc_pack/enable_3
connect_bd_net /util_ad9361_adc_fifo/dout_data_3 /util_ad9361_adc_pack/fifo_wr_data_3
connect_bd_net /util_ad9361_divclk/clk_out /axi_ad9361_adc_dma/fifo_wr_clk
connect_bd_intf_net /util_ad9361_adc_pack/packed_fifo_wr /axi_ad9361_adc_dma/fifo_wr
connect_bd_net -net /sys_cpu_resetn /axi_ad9361_adc_dma/m_dest_axi_aresetn
connect_bd_net /axi_ad9361/l_clk /axi_ad9361_dac_fifo/dout_clk
connect_bd_net /axi_ad9361/rst /axi_ad9361_dac_fifo/dout_rst
connect_bd_net /util_ad9361_divclk/clk_out /axi_ad9361_dac_fifo/din_clk
connect_bd_net /util_ad9361_divclk_reset/peripheral_aresetn /axi_ad9361_dac_fifo/din_rstn
connect_bd_net /axi_ad9361_dac_fifo/dout_enable_0 /axi_ad9361/dac_enable_i0
connect_bd_net /axi_ad9361_dac_fifo/dout_valid_0 /axi_ad9361/dac_valid_i0
connect_bd_net /axi_ad9361_dac_fifo/dout_data_0 /axi_ad9361/dac_data_i0
connect_bd_net /axi_ad9361_dac_fifo/dout_enable_1 /axi_ad9361/dac_enable_q0
connect_bd_net /axi_ad9361_dac_fifo/dout_valid_1 /axi_ad9361/dac_valid_q0
connect_bd_net /axi_ad9361_dac_fifo/dout_data_1 /axi_ad9361/dac_data_q0
connect_bd_net /axi_ad9361_dac_fifo/dout_enable_2 /axi_ad9361/dac_enable_i1
connect_bd_net /axi_ad9361_dac_fifo/dout_valid_2 /axi_ad9361/dac_valid_i1
connect_bd_net /axi_ad9361_dac_fifo/dout_data_2 /axi_ad9361/dac_data_i1
connect_bd_net /axi_ad9361_dac_fifo/dout_enable_3 /axi_ad9361/dac_enable_q1
connect_bd_net /axi_ad9361_dac_fifo/dout_valid_3 /axi_ad9361/dac_valid_q1
connect_bd_net /axi_ad9361_dac_fifo/dout_data_3 /axi_ad9361/dac_data_q1
connect_bd_net /axi_ad9361_dac_fifo/dout_unf /axi_ad9361/dac_dunf
connect_bd_net /util_ad9361_divclk/clk_out /util_ad9361_dac_upack/clk
connect_bd_net /util_ad9361_divclk_reset/peripheral_reset /util_ad9361_dac_upack/reset
connect_bd_net /util_ad9361_dac_upack/fifo_rd_en /axi_ad9361_dac_fifo/din_valid_0
connect_bd_net /util_ad9361_dac_upack/fifo_rd_underflow /axi_ad9361_dac_fifo/din_unf
connect_bd_net /util_ad9361_dac_upack/enable_0 /axi_ad9361_dac_fifo/din_enable_0
connect_bd_net /util_ad9361_dac_upack/fifo_rd_valid /axi_ad9361_dac_fifo/din_valid_in_0
connect_bd_net /util_ad9361_dac_upack/fifo_rd_data_0 /axi_ad9361_dac_fifo/din_data_0
connect_bd_net /util_ad9361_dac_upack/enable_1 /axi_ad9361_dac_fifo/din_enable_1
connect_bd_net /util_ad9361_dac_upack/fifo_rd_valid /axi_ad9361_dac_fifo/din_valid_in_1
connect_bd_net /util_ad9361_dac_upack/fifo_rd_data_1 /axi_ad9361_dac_fifo/din_data_1
connect_bd_net /util_ad9361_dac_upack/enable_2 /axi_ad9361_dac_fifo/din_enable_2
connect_bd_net /util_ad9361_dac_upack/fifo_rd_valid /axi_ad9361_dac_fifo/din_valid_in_2
connect_bd_net /util_ad9361_dac_upack/fifo_rd_data_2 /axi_ad9361_dac_fifo/din_data_2
connect_bd_net /util_ad9361_dac_upack/enable_3 /axi_ad9361_dac_fifo/din_enable_3
connect_bd_net /util_ad9361_dac_upack/fifo_rd_valid /axi_ad9361_dac_fifo/din_valid_in_3
connect_bd_net /util_ad9361_dac_upack/fifo_rd_data_3 /axi_ad9361_dac_fifo/din_data_3
connect_bd_net /util_ad9361_divclk/clk_out /axi_ad9361_dac_dma/m_axis_aclk
connect_bd_intf_net /axi_ad9361_dac_dma/m_axis /util_ad9361_dac_upack/s_axis
connect_bd_net -net /sys_cpu_resetn /axi_ad9361_dac_dma/m_src_axi_aresetn
connect_bd_net -net /sys_cpu_clk /axi_cpu_interconnect/M08_ACLK
connect_bd_net -net /sys_cpu_clk /axi_ad9361/s_axi_aclk
connect_bd_net -net /sys_cpu_resetn /axi_cpu_interconnect/M08_ARESETN
connect_bd_net -net /sys_cpu_resetn /axi_ad9361/s_axi_aresetn
connect_bd_intf_net /axi_cpu_interconnect/M08_AXI /axi_ad9361/s_axi
connect_bd_net -net /sys_cpu_clk /axi_cpu_interconnect/M09_ACLK
connect_bd_net -net /sys_cpu_clk /axi_ad9361_adc_dma/s_axi_aclk
connect_bd_net -net /sys_cpu_resetn /axi_cpu_interconnect/M09_ARESETN
connect_bd_net -net /sys_cpu_resetn /axi_ad9361_adc_dma/s_axi_aresetn
connect_bd_intf_net /axi_cpu_interconnect/M09_AXI /axi_ad9361_adc_dma/s_axi
connect_bd_net -net /sys_cpu_clk /axi_cpu_interconnect/M10_ACLK
connect_bd_net -net /sys_cpu_clk /axi_ad9361_dac_dma/s_axi_aclk
connect_bd_net -net /sys_cpu_resetn /axi_cpu_interconnect/M10_ARESETN
connect_bd_net -net /sys_cpu_resetn /axi_ad9361_dac_dma/s_axi_aresetn
connect_bd_intf_net /axi_cpu_interconnect/M10_AXI /axi_ad9361_dac_dma/s_axi
CRITICAL WARNING: [PSU-1]  Parameter : PCW_UIPARAM_DDR_DQS_TO_CLK_DELAY_2 has negative value -0.009 . PS DDR interfaces might fail when entering negative DQS skew values. 
CRITICAL WARNING: [PSU-2]  Parameter : PCW_UIPARAM_DDR_DQS_TO_CLK_DELAY_3 has negative value -0.061 . PS DDR interfaces might fail when entering negative DQS skew values. 
connect_bd_net -net /sys_cpu_resetn /axi_hp1_interconnect/aresetn
connect_bd_net -net /sys_cpu_clk /axi_hp1_interconnect/aclk
connect_bd_intf_net /axi_hp1_interconnect/M00_AXI /sys_ps7/S_AXI_HP1
connect_bd_net -net /sys_cpu_clk /sys_ps7/S_AXI_HP1_ACLK
connect_bd_intf_net /axi_hp1_interconnect/S00_AXI /axi_ad9361_adc_dma/m_dest_axi
connect_bd_net -net /sys_cpu_clk /axi_ad9361_adc_dma/m_dest_axi_aclk
WARNING: [BD 5-230] No cells matched 'get_bd_cells /sys_mb'
WARNING: [BD 5-232] No interface pins matched 'get_bd_intf_pins -filter {NAME=~ *DLMB*} -of {}'
WARNING: [BD 5-700] No address spaces matched 'get_bd_addr_spaces -of {}'
WARNING: [BD 5-699] No address segments matched 'get_bd_addr_segs -of {} -filter {NAME=~ *DDR* || NAME=~ *ddr*}'
Slave segment '/sys_ps7/S_AXI_HP1/HP1_DDR_LOWOCM' is being assigned into address space '/axi_ad9361_adc_dma/m_dest_axi' at <0x0000_0000 [ 512M ]>.
CRITICAL WARNING: [PSU-1]  Parameter : PCW_UIPARAM_DDR_DQS_TO_CLK_DELAY_2 has negative value -0.009 . PS DDR interfaces might fail when entering negative DQS skew values. 
CRITICAL WARNING: [PSU-2]  Parameter : PCW_UIPARAM_DDR_DQS_TO_CLK_DELAY_3 has negative value -0.061 . PS DDR interfaces might fail when entering negative DQS skew values. 
connect_bd_net -net /sys_cpu_resetn /axi_hp2_interconnect/aresetn
connect_bd_net -net /sys_cpu_clk /axi_hp2_interconnect/aclk
connect_bd_intf_net /axi_hp2_interconnect/M00_AXI /sys_ps7/S_AXI_HP2
connect_bd_net -net /sys_cpu_clk /sys_ps7/S_AXI_HP2_ACLK
connect_bd_intf_net /axi_hp2_interconnect/S00_AXI /axi_ad9361_dac_dma/m_src_axi
connect_bd_net -net /sys_cpu_clk /axi_ad9361_dac_dma/m_src_axi_aclk
WARNING: [BD 5-230] No cells matched 'get_bd_cells /sys_mb'
WARNING: [BD 5-232] No interface pins matched 'get_bd_intf_pins -filter {NAME=~ *DLMB*} -of {}'
WARNING: [BD 5-700] No address spaces matched 'get_bd_addr_spaces -of {}'
WARNING: [BD 5-699] No address segments matched 'get_bd_addr_segs -of {} -filter {NAME=~ *DDR* || NAME=~ *ddr*}'
Slave segment '/sys_ps7/S_AXI_HP2/HP2_DDR_LOWOCM' is being assigned into address space '/axi_ad9361_dac_dma/m_src_axi' at <0x0000_0000 [ 512M ]>.
disconnect_bd_net /GND_1_dout /sys_concat_intc/In13
connect_bd_net /sys_concat_intc/In13 /axi_ad9361_adc_dma/irq
disconnect_bd_net /GND_1_dout /sys_concat_intc/In12
connect_bd_net /sys_concat_intc/In12 /axi_ad9361_dac_dma/irq
CRITICAL WARNING: [PSU-1]  Parameter : PCW_UIPARAM_DDR_DQS_TO_CLK_DELAY_2 has negative value -0.009 . PS DDR interfaces might fail when entering negative DQS skew values. 
CRITICAL WARNING: [PSU-2]  Parameter : PCW_UIPARAM_DDR_DQS_TO_CLK_DELAY_3 has negative value -0.061 . PS DDR interfaces might fail when entering negative DQS skew values. 
WARNING: [BD 41-1306] The connection to interface pin </axi_gpio_dummy_0/gpio_io_o> is being overridden by the user with net </axi_gpio_dummy_0_gpio_io_o_net>. This pin will not be connected as a part of interface connection <GPIO>.
WARNING: [BD 41-1306] The connection to interface pin </axi_gpio_dummy_0/gpio2_io_i> is being overridden by the user with net </axi_gpio_dummy_0_gpio_io_o_net>. This pin will not be connected as a part of interface connection <GPIO2>.
connect_bd_net -net /sys_cpu_clk /axi_cpu_interconnect/M11_ACLK
connect_bd_net -net /sys_cpu_resetn /axi_cpu_interconnect/M11_ARESETN
connect_bd_intf_net /axi_cpu_interconnect/M11_AXI /bypass_tx/AXI4_Lite
connect_bd_net -net /sys_cpu_clk /axi_cpu_interconnect/M12_ACLK
connect_bd_net -net /sys_cpu_resetn /axi_cpu_interconnect/M12_ARESETN
connect_bd_intf_net /axi_cpu_interconnect/M12_AXI /bypass_rx/AXI4_Lite
CRITICAL WARNING: [PSU-1]  Parameter : PCW_UIPARAM_DDR_DQS_TO_CLK_DELAY_2 has negative value -0.009 . PS DDR interfaces might fail when entering negative DQS skew values. 
CRITICAL WARNING: [PSU-2]  Parameter : PCW_UIPARAM_DDR_DQS_TO_CLK_DELAY_3 has negative value -0.061 . PS DDR interfaces might fail when entering negative DQS skew values. 
CRITICAL WARNING: [PSU-1]  Parameter : PCW_UIPARAM_DDR_DQS_TO_CLK_DELAY_2 has negative value -0.009 . PS DDR interfaces might fail when entering negative DQS skew values. 
CRITICAL WARNING: [PSU-2]  Parameter : PCW_UIPARAM_DDR_DQS_TO_CLK_DELAY_3 has negative value -0.061 . PS DDR interfaces might fail when entering negative DQS skew values. 
Slave segment '/sys_ps7/S_AXI_HP0/HP0_DDR_LOWOCM' is being assigned into address space '/axi_dma_mm2s/m_src_axi' at <0x0000_0000 [ 512M ]>.
Slave segment '/sys_ps7/S_AXI_HP3/HP3_DDR_LOWOCM' is being assigned into address space '/axi_dma_s2mm/m_dest_axi' at <0x0000_0000 [ 512M ]>.
WARNING: [BD 41-1306] The connection to interface pin </gpio_mux_0/GPIO_OUT_i> is being overridden by the user with net </gpio_i_1>. This pin will not be connected as a part of interface connection <GPIO_OUT>.
WARNING: [BD 41-1306] The connection to interface pin </gpio_mux_0/GPIO_OUT_o> is being overridden by the user with net </sys_ps7_GPIO_O>. This pin will not be connected as a part of interface connection <GPIO_OUT>.
WARNING: [BD 41-1306] The connection to interface pin </gpio_mux_0/GPIO_OUT_t> is being overridden by the user with net </sys_ps7_GPIO_T>. This pin will not be connected as a part of interface connection <GPIO_OUT>.
WARNING: [BD 41-1306] The connection to interface pin </gpio_mux_0/GPIO_IN_i> is being overridden by the user with net </gpio_mux_0_GPIO_IN_i_net>. This pin will not be connected as a part of interface connection <GPIO_IN>.
WARNING: [BD 41-1306] The connection to interface pin </sys_ps7/GPIO_I> is being overridden by the user with net </gpio_mux_0_GPIO_IN_i_net>. This pin will not be connected as a part of interface connection <GPIO_0>.
WARNING: [BD 41-1306] The connection to interface pin </sys_ps7/GPIO_O> is being overridden by the user with net </sys_ps7_GPIO_O_net>. This pin will not be connected as a part of interface connection <GPIO_0>.
WARNING: [BD 41-1306] The connection to interface pin </gpio_mux_0/GPIO_IN_o> is being overridden by the user with net </sys_ps7_GPIO_O_net>. This pin will not be connected as a part of interface connection <GPIO_IN>.
WARNING: [BD 41-1306] The connection to interface pin </sys_ps7/GPIO_T> is being overridden by the user with net </sys_ps7_GPIO_T_net>. This pin will not be connected as a part of interface connection <GPIO_0>.
WARNING: [BD 41-1306] The connection to interface pin </gpio_mux_0/GPIO_IN_t> is being overridden by the user with net </sys_ps7_GPIO_T_net>. This pin will not be connected as a part of interface connection <GPIO_IN>.
Deleting orphan net /axi_ad9361_dac_fifo_din_enable_0
Deleting orphan net /axi_ad9361_dac_fifo_din_enable_1
Deleting orphan net /axi_ad9361_dac_fifo_din_enable_2
Deleting orphan net /axi_ad9361_dac_fifo_din_enable_3
Deleting orphan net /axi_hdmi_clkgen_clk_0
Deleting orphan net /axi_hdmi_core_hdmi_16_data
Deleting orphan net /axi_hdmi_core_hdmi_16_data_e
Deleting orphan net /axi_hdmi_core_hdmi_16_hsync
Deleting orphan net /axi_hdmi_core_hdmi_16_vsync
Deleting orphan net /axi_hdmi_core_hdmi_out_clk
Deleting orphan net /axi_spdif_tx_core_spdif_tx_o
Deleting orphan net /axi_sysid_0_rom_addr
Deleting orphan net /rom_sys_0_rom_data
Deleting orphan net /sys_200m_reset
Deleting orphan net /sys_200m_resetn
Deleting orphan net /sys_cpu_reset
Deleting orphan net /util_ad9361_adc_fifo_dout_data_0
Deleting orphan net /util_ad9361_adc_fifo_dout_data_1
Deleting orphan net /util_ad9361_adc_fifo_dout_data_2
Deleting orphan net /util_ad9361_adc_fifo_dout_data_3
Deleting orphan net /util_ad9361_adc_fifo_dout_enable_0
Deleting orphan net /util_ad9361_adc_fifo_dout_enable_1
Deleting orphan net /util_ad9361_adc_fifo_dout_enable_2
Deleting orphan net /util_ad9361_adc_fifo_dout_enable_3
Deleting orphan net /util_ad9361_adc_fifo_dout_valid_0
Deleting orphan net /util_ad9361_dac_upack_fifo_rd_data_0
Deleting orphan net /util_ad9361_dac_upack_fifo_rd_data_1
Deleting orphan net /util_ad9361_dac_upack_fifo_rd_data_2
Deleting orphan net /util_ad9361_dac_upack_fifo_rd_data_3
Deleting orphan net /util_ad9361_dac_upack_fifo_rd_valid
Deleting orphan net /axi_cpu_interconnect_M01_AXI
Deleting orphan net /axi_cpu_interconnect_M02_AXI
Deleting orphan net /axi_cpu_interconnect_M03_AXI
Deleting orphan net /axi_cpu_interconnect_M04_AXI
Deleting orphan net /axi_cpu_interconnect_M05_AXI
Deleting orphan net /axi_hdmi_dma_m_axis
Deleting orphan net /axi_hdmi_dma_m_src_axi
Deleting orphan net /axi_hp0_interconnect_M00_AXI
Deleting orphan net /axi_spdif_tx_core_dma_req
Deleting orphan net /sys_ps7_DMA0_ACK
rxtx
Wrote  : </home/daniel/Documents/MATLAB/Examples/R2024b/xilinxzynqbasedradio/HWSWCoDesignWithAXI4StreamUsingAnalogDevicesAD9361AD9364Example/hdl_prj/vivado_ip_prj/vivado_prj.srcs/sources_1/bd/system/system.bd> 
WARNING: [BD 41-2670] Found an incomplete address path from address space '/sys_ps7/Data' to master interface '/axi_cpu_interconnect/M05_AXI'. Please either complete or remove this path to resolve.
WARNING: [BD 41-2670] Found an incomplete address path from address space '/sys_ps7/Data' to master interface '/axi_cpu_interconnect/M04_AXI'. Please either complete or remove this path to resolve.
WARNING: [BD 41-2670] Found an incomplete address path from address space '/sys_ps7/Data' to master interface '/axi_cpu_interconnect/M03_AXI'. Please either complete or remove this path to resolve.
WARNING: [BD 41-2670] Found an incomplete address path from address space '/sys_ps7/Data' to master interface '/axi_cpu_interconnect/M01_AXI'. Please either complete or remove this path to resolve.
WARNING: [BD 41-2670] Found an incomplete address path from address space '/sys_ps7/Data' to master interface '/axi_cpu_interconnect/M02_AXI'. Please either complete or remove this path to resolve.
WARNING: [BD 5-699] No address segments matched 'get_bd_addr_segs -addressables -of_objects /axi_cpu_interconnect/xbar/M01_AXI'
WARNING: [BD 5-699] No address segments matched 'get_bd_addr_segs -addressables -of_objects /axi_cpu_interconnect/xbar/M02_AXI'
WARNING: [BD 5-699] No address segments matched 'get_bd_addr_segs -addressables -of_objects /axi_cpu_interconnect/xbar/M03_AXI'
WARNING: [BD 5-699] No address segments matched 'get_bd_addr_segs -addressables -of_objects /axi_cpu_interconnect/xbar/M04_AXI'
WARNING: [BD 5-699] No address segments matched 'get_bd_addr_segs -addressables -of_objects /axi_cpu_interconnect/xbar/M05_AXI'
CRITICAL WARNING: [PSU-1]  Parameter : PCW_UIPARAM_DDR_DQS_TO_CLK_DELAY_2 has negative value -0.009 . PS DDR interfaces might fail when entering negative DQS skew values. 
CRITICAL WARNING: [PSU-2]  Parameter : PCW_UIPARAM_DDR_DQS_TO_CLK_DELAY_3 has negative value -0.061 . PS DDR interfaces might fail when entering negative DQS skew values. 
WARNING: [#UNDEF] When using EMIO pins for SPI_0 tie SSIN High in the PL bitstream
WARNING: [#UNDEF] When using EMIO pins for SPI_1 tie SSIN High in the PL bitstream
INFO: [BD 5-943] Reserving offset range <0x0000_0000 [ 512M ]> from slave interface '/axi_hp1_interconnect/S00_AXI' to master interface '/axi_hp1_interconnect/M00_AXI'. This will be used by smartconnect on path for routing.
INFO: [xilinx.com:ip:smartconnect:1.0-1] system_axi_hp1_interconnect_0: SmartConnect system_axi_hp1_interconnect_0 is in High-performance Mode.
INFO: [Ipptcl 7-1463] No Compatible Board Interface found. Board Tab not created in customize GUI
INFO: [BD 5-943] Reserving offset range <0x0000_0000 [ 512M ]> from slave interface '/axi_hp2_interconnect/S00_AXI' to master interface '/axi_hp2_interconnect/M00_AXI'. This will be used by smartconnect on path for routing.
INFO: [xilinx.com:ip:smartconnect:1.0-1] system_axi_hp2_interconnect_0: SmartConnect system_axi_hp2_interconnect_0 is in High-performance Mode.
INFO: [xilinx.com:ip:clk_wiz:6.0-1] /sys_audio_clkgen clk_wiz propagate
CRITICAL WARNING: [BD 41-759] The input pins (listed below) are either not connected or do not have a source port, and they don't have a tie-off specified. These pins are tied-off to all 0's to avoid error in Implementation flow.
Please check your design and connect them as needed: 
/util_ad9361_adc_pack/enable_0
/util_ad9361_adc_pack/enable_1
/util_ad9361_adc_pack/enable_2
/util_ad9361_adc_pack/enable_3
/util_ad9361_dac_upack/enable_0
/util_ad9361_dac_upack/enable_1
/util_ad9361_dac_upack/enable_2
/util_ad9361_dac_upack/enable_3

validate_bd_design: Time (s): cpu = 00:00:06 ; elapsed = 00:00:06 . Memory (MB): peak = 2698.434 ; gain = 112.875 ; free physical = 3355 ; free virtual = 22124
Wrote  : </home/daniel/Documents/MATLAB/Examples/R2024b/xilinxzynqbasedradio/HWSWCoDesignWithAXI4StreamUsingAnalogDevicesAD9361AD9364Example/hdl_prj/vivado_ip_prj/vivado_prj.srcs/sources_1/bd/system/system.bd> 
INFO: [Common 17-206] Exiting Vivado at Tue Jan 14 13:12:44 2025...
